18.03.2023 20:25:18      Количество символов    = 8 частота 0,166666666666667
18.03.2023 20:25:18      Количество символов .  = 1 частота 0,0208333333333333
18.03.2023 20:25:18      Количество символов Ё  = 1 частота 0,0208333333333333
18.03.2023 20:25:18      Количество символов Г  = 1 частота 0,0208333333333333
18.03.2023 20:25:18      Количество символов а  = 7 частота 0,145833333333333
18.03.2023 20:25:18      Количество символов д  = 2 частота 0,0416666666666667
18.03.2023 20:25:18      Количество символов е  = 1 частота 0,0208333333333333
18.03.2023 20:25:18      Количество символов ж  = 1 частота 0,0208333333333333
18.03.2023 20:25:18      Количество символов з  = 2 частота 0,0416666666666667
18.03.2023 20:25:18      Количество символов л  = 2 частота 0,0416666666666667
18.03.2023 20:25:18      Количество символов м  = 2 частота 0,0416666666666667
18.03.2023 20:25:18      Количество символов н  = 4 частота 0,0833333333333333
18.03.2023 20:25:18      Количество символов о  = 2 частота 0,0416666666666667
18.03.2023 20:25:18      Количество символов р  = 3 частота 0,0625
18.03.2023 20:25:18      Количество символов у  = 1 частота 0,0208333333333333
18.03.2023 20:25:18      Количество символов ц  = 2 частота 0,0416666666666667
18.03.2023 20:25:18      Количество символов ч  = 1 частота 0,0208333333333333
18.03.2023 20:25:18      Количество символов ш  = 1 частота 0,0208333333333333
18.03.2023 20:25:18      Количество символов э  = 1 частота 0,0208333333333333
18.03.2023 20:25:18      Количество символов ю  = 2 частота 0,0416666666666667
18.03.2023 20:25:18      Количество символов я  = 2 частота 0,0416666666666667
18.03.2023 20:25:18      Количество символов ў  = 1 частота 0,0208333333333333
18.03.2023 20:25:40      Количество символов    = 8 частота 0,166666666666667
18.03.2023 20:25:40      Количество символов .  = 1 частота 0,0208333333333333
18.03.2023 20:25:40      Количество символов Ё  = 1 частота 0,0208333333333333
18.03.2023 20:25:40      Количество символов Г  = 1 частота 0,0208333333333333
18.03.2023 20:25:40      Количество символов а  = 7 частота 0,145833333333333
18.03.2023 20:25:40      Количество символов д  = 2 частота 0,0416666666666667
18.03.2023 20:25:40      Количество символов е  = 1 частота 0,0208333333333333
18.03.2023 20:25:40      Количество символов ж  = 1 частота 0,0208333333333333
18.03.2023 20:25:40      Количество символов з  = 2 частота 0,0416666666666667
18.03.2023 20:25:40      Количество символов л  = 2 частота 0,0416666666666667
18.03.2023 20:25:40      Количество символов м  = 2 частота 0,0416666666666667
18.03.2023 20:25:40      Количество символов н  = 4 частота 0,0833333333333333
18.03.2023 20:25:40      Количество символов о  = 2 частота 0,0416666666666667
18.03.2023 20:25:40      Количество символов р  = 3 частота 0,0625
18.03.2023 20:25:40      Количество символов у  = 1 частота 0,0208333333333333
18.03.2023 20:25:40      Количество символов ц  = 2 частота 0,0416666666666667
18.03.2023 20:25:40      Количество символов ч  = 1 частота 0,0208333333333333
18.03.2023 20:25:40      Количество символов ш  = 1 частота 0,0208333333333333
18.03.2023 20:25:40      Количество символов э  = 1 частота 0,0208333333333333
18.03.2023 20:25:40      Количество символов ю  = 2 частота 0,0416666666666667
18.03.2023 20:25:40      Количество символов я  = 2 частота 0,0416666666666667
18.03.2023 20:25:40      Количество символов ў  = 1 частота 0,0208333333333333
18.03.2023 20:26:44      Количество символов 
  = 30 частота 0,00426136363636364
18.03.2023 20:26:44      Количество символов    = 1072 частота 0,152272727272727
18.03.2023 20:26:44      Количество символов !  = 6 частота 0,000852272727272727
18.03.2023 20:26:44      Количество символов '  = 2 частота 0,000284090909090909
18.03.2023 20:26:44      Количество символов ,  = 114 частота 0,0161931818181818
18.03.2023 20:26:44      Количество символов -  = 14 частота 0,00198863636363636
18.03.2023 20:26:44      Количество символов .  = 92 частота 0,0130681818181818
18.03.2023 20:26:44      Количество символов ?  = 2 частота 0,000284090909090909
18.03.2023 20:26:44      Количество символов I  = 18 частота 0,00255681818181818
18.03.2023 20:26:44      Количество символов i  = 260 частота 0,0369318181818182
18.03.2023 20:26:44      Количество символов Ё  = 8 частота 0,00113636363636364
18.03.2023 20:26:44      Количество символов А  = 10 частота 0,00142045454545455
18.03.2023 20:26:44      Количество символов Б  = 8 частота 0,00113636363636364
18.03.2023 20:26:44      Количество символов В  = 6 частота 0,000852272727272727
18.03.2023 20:26:44      Количество символов Г  = 10 частота 0,00142045454545455
18.03.2023 20:26:44      Количество символов З  = 4 частота 0,000568181818181818
18.03.2023 20:26:44      Количество символов К  = 14 частота 0,00198863636363636
18.03.2023 20:26:44      Количество символов Л  = 2 частота 0,000284090909090909
18.03.2023 20:26:44      Количество символов Н  = 6 частота 0,000852272727272727
18.03.2023 20:26:44      Количество символов П  = 4 частота 0,000568181818181818
18.03.2023 20:26:44      Количество символов Р  = 4 частота 0,000568181818181818
18.03.2023 20:26:44      Количество символов Т  = 4 частота 0,000568181818181818
18.03.2023 20:26:44      Количество символов У  = 6 частота 0,000852272727272727
18.03.2023 20:26:44      Количество символов Ш  = 2 частота 0,000284090909090909
18.03.2023 20:26:44      Количество символов Я  = 4 частота 0,000568181818181818
18.03.2023 20:26:44      Количество символов а  = 920 частота 0,130681818181818
18.03.2023 20:26:44      Количество символов б  = 82 частота 0,0116477272727273
18.03.2023 20:26:44      Количество символов в  = 168 частота 0,0238636363636364
18.03.2023 20:26:44      Количество символов г  = 104 частота 0,0147727272727273
18.03.2023 20:26:44      Количество символов д  = 192 частота 0,0272727272727273
18.03.2023 20:26:44      Количество символов е  = 218 частота 0,0309659090909091
18.03.2023 20:26:44      Количество символов ж  = 72 частота 0,0102272727272727
18.03.2023 20:26:44      Количество символов з  = 170 частота 0,0241477272727273
18.03.2023 20:26:44      Количество символов й  = 100 частота 0,0142045454545455
18.03.2023 20:26:44      Количество символов к  = 216 частота 0,0306818181818182
18.03.2023 20:26:44      Количество символов л  = 222 частота 0,0315340909090909
18.03.2023 20:26:44      Количество символов м  = 208 частота 0,0295454545454545
18.03.2023 20:26:44      Количество символов н  = 334 частота 0,0474431818181818
18.03.2023 20:26:44      Количество символов о  = 250 частота 0,0355113636363636
18.03.2023 20:26:44      Количество символов п  = 152 частота 0,0215909090909091
18.03.2023 20:26:44      Количество символов р  = 228 частота 0,0323863636363636
18.03.2023 20:26:44      Количество символов с  = 182 частота 0,0258522727272727
18.03.2023 20:26:44      Количество символов т  = 142 частота 0,0201704545454545
18.03.2023 20:26:44      Количество символов у  = 140 частота 0,0198863636363636
18.03.2023 20:26:44      Количество символов х  = 48 частота 0,00681818181818182
18.03.2023 20:26:44      Количество символов ц  = 224 частота 0,0318181818181818
18.03.2023 20:26:44      Количество символов ч  = 82 частота 0,0116477272727273
18.03.2023 20:26:44      Количество символов ш  = 62 частота 0,00880681818181818
18.03.2023 20:26:44      Количество символов ы  = 248 частота 0,0352272727272727
18.03.2023 20:26:44      Количество символов ь  = 92 частота 0,0130681818181818
18.03.2023 20:26:44      Количество символов э  = 46 частота 0,00653409090909091
18.03.2023 20:26:44      Количество символов ю  = 90 частота 0,0127840909090909
18.03.2023 20:26:44      Количество символов я  = 186 частота 0,0264204545454545
18.03.2023 20:26:44      Количество символов ё  = 56 частота 0,00795454545454545
18.03.2023 20:26:44      Количество символов ў  = 98 частота 0,0139204545454545
18.03.2023 20:26:44      Количество символов —  = 6 частота 0,000852272727272727
18.03.2023 20:26:51      Количество символов 
  = 30 частота 0,00426136363636364
18.03.2023 20:26:51      Количество символов    = 1072 частота 0,152272727272727
18.03.2023 20:26:51      Количество символов !  = 6 частота 0,000852272727272727
18.03.2023 20:26:51      Количество символов '  = 2 частота 0,000284090909090909
18.03.2023 20:26:51      Количество символов ,  = 114 частота 0,0161931818181818
18.03.2023 20:26:51      Количество символов -  = 14 частота 0,00198863636363636
18.03.2023 20:26:51      Количество символов .  = 92 частота 0,0130681818181818
18.03.2023 20:26:51      Количество символов ?  = 2 частота 0,000284090909090909
18.03.2023 20:26:51      Количество символов I  = 18 частота 0,00255681818181818
18.03.2023 20:26:51      Количество символов i  = 260 частота 0,0369318181818182
18.03.2023 20:26:51      Количество символов Ё  = 8 частота 0,00113636363636364
18.03.2023 20:26:51      Количество символов А  = 10 частота 0,00142045454545455
18.03.2023 20:26:51      Количество символов Б  = 8 частота 0,00113636363636364
18.03.2023 20:26:51      Количество символов В  = 6 частота 0,000852272727272727
18.03.2023 20:26:51      Количество символов Г  = 10 частота 0,00142045454545455
18.03.2023 20:26:51      Количество символов З  = 4 частота 0,000568181818181818
18.03.2023 20:26:51      Количество символов К  = 14 частота 0,00198863636363636
18.03.2023 20:26:51      Количество символов Л  = 2 частота 0,000284090909090909
18.03.2023 20:26:51      Количество символов Н  = 6 частота 0,000852272727272727
18.03.2023 20:26:51      Количество символов П  = 4 частота 0,000568181818181818
18.03.2023 20:26:51      Количество символов Р  = 4 частота 0,000568181818181818
18.03.2023 20:26:51      Количество символов Т  = 4 частота 0,000568181818181818
18.03.2023 20:26:51      Количество символов У  = 6 частота 0,000852272727272727
18.03.2023 20:26:51      Количество символов Ш  = 2 частота 0,000284090909090909
18.03.2023 20:26:51      Количество символов Я  = 4 частота 0,000568181818181818
18.03.2023 20:26:51      Количество символов а  = 920 частота 0,130681818181818
18.03.2023 20:26:51      Количество символов б  = 82 частота 0,0116477272727273
18.03.2023 20:26:51      Количество символов в  = 168 частота 0,0238636363636364
18.03.2023 20:26:51      Количество символов г  = 104 частота 0,0147727272727273
18.03.2023 20:26:51      Количество символов д  = 192 частота 0,0272727272727273
18.03.2023 20:26:51      Количество символов е  = 218 частота 0,0309659090909091
18.03.2023 20:26:51      Количество символов ж  = 72 частота 0,0102272727272727
18.03.2023 20:26:51      Количество символов з  = 170 частота 0,0241477272727273
18.03.2023 20:26:51      Количество символов й  = 100 частота 0,0142045454545455
18.03.2023 20:26:51      Количество символов к  = 216 частота 0,0306818181818182
18.03.2023 20:26:51      Количество символов л  = 222 частота 0,0315340909090909
18.03.2023 20:26:51      Количество символов м  = 208 частота 0,0295454545454545
18.03.2023 20:26:51      Количество символов н  = 334 частота 0,0474431818181818
18.03.2023 20:26:51      Количество символов о  = 250 частота 0,0355113636363636
18.03.2023 20:26:51      Количество символов п  = 152 частота 0,0215909090909091
18.03.2023 20:26:51      Количество символов р  = 228 частота 0,0323863636363636
18.03.2023 20:26:51      Количество символов с  = 182 частота 0,0258522727272727
18.03.2023 20:26:51      Количество символов т  = 142 частота 0,0201704545454545
18.03.2023 20:26:51      Количество символов у  = 140 частота 0,0198863636363636
18.03.2023 20:26:51      Количество символов х  = 48 частота 0,00681818181818182
18.03.2023 20:26:51      Количество символов ц  = 224 частота 0,0318181818181818
18.03.2023 20:26:51      Количество символов ч  = 82 частота 0,0116477272727273
18.03.2023 20:26:51      Количество символов ш  = 62 частота 0,00880681818181818
18.03.2023 20:26:51      Количество символов ы  = 248 частота 0,0352272727272727
18.03.2023 20:26:51      Количество символов ь  = 92 частота 0,0130681818181818
18.03.2023 20:26:51      Количество символов э  = 46 частота 0,00653409090909091
18.03.2023 20:26:51      Количество символов ю  = 90 частота 0,0127840909090909
18.03.2023 20:26:51      Количество символов я  = 186 частота 0,0264204545454545
18.03.2023 20:26:51      Количество символов ё  = 56 частота 0,00795454545454545
18.03.2023 20:26:51      Количество символов ў  = 98 частота 0,0139204545454545
18.03.2023 20:26:51      Количество символов —  = 6 частота 0,000852272727272727
18.03.2023 20:28:50      Количество символов 
  = 1 частота 0,001
18.03.2023 20:28:50      Количество символов    = 157 частота 0,157
18.03.2023 20:28:50      Количество символов !  = 1 частота 0,001
18.03.2023 20:28:50      Количество символов ,  = 19 частота 0,019
18.03.2023 20:28:50      Количество символов .  = 12 частота 0,012
18.03.2023 20:28:50      Количество символов I  = 2 частота 0,002
18.03.2023 20:28:50      Количество символов i  = 29 частота 0,029
18.03.2023 20:28:50      Количество символов Ё  = 3 частота 0,003
18.03.2023 20:28:50      Количество символов А  = 1 частота 0,001
18.03.2023 20:28:50      Количество символов Б  = 2 частота 0,002
18.03.2023 20:28:50      Количество символов Г  = 3 частота 0,003
18.03.2023 20:28:50      Количество символов К  = 2 частота 0,002
18.03.2023 20:28:50      Количество символов Н  = 1 частота 0,001
18.03.2023 20:28:50      Количество символов Я  = 2 частота 0,002
18.03.2023 20:28:50      Количество символов а  = 128 частота 0,128
18.03.2023 20:28:50      Количество символов б  = 15 частота 0,015
18.03.2023 20:28:50      Количество символов в  = 29 частота 0,029
18.03.2023 20:28:50      Количество символов г  = 20 частота 0,02
18.03.2023 20:28:50      Количество символов д  = 27 частота 0,027
18.03.2023 20:28:50      Количество символов е  = 30 частота 0,03
18.03.2023 20:28:50      Количество символов ж  = 8 частота 0,008
18.03.2023 20:28:50      Количество символов з  = 21 частота 0,021
18.03.2023 20:28:50      Количество символов й  = 12 частота 0,012
18.03.2023 20:28:50      Количество символов к  = 28 частота 0,028
18.03.2023 20:28:50      Количество символов л  = 32 частота 0,032
18.03.2023 20:28:50      Количество символов м  = 24 частота 0,024
18.03.2023 20:28:50      Количество символов н  = 49 частота 0,049
18.03.2023 20:28:50      Количество символов о  = 44 частота 0,044
18.03.2023 20:28:50      Количество символов п  = 20 частота 0,02
18.03.2023 20:28:50      Количество символов р  = 33 частота 0,033
18.03.2023 20:28:50      Количество символов с  = 27 частота 0,027
18.03.2023 20:28:50      Количество символов т  = 18 частота 0,018
18.03.2023 20:28:50      Количество символов у  = 25 частота 0,025
18.03.2023 20:28:50      Количество символов х  = 1 частота 0,001
18.03.2023 20:28:50      Количество символов ц  = 37 частота 0,037
18.03.2023 20:28:50      Количество символов ч  = 13 частота 0,013
18.03.2023 20:28:50      Количество символов ш  = 13 частота 0,013
18.03.2023 20:28:50      Количество символов ы  = 34 частота 0,034
18.03.2023 20:28:50      Количество символов ь  = 15 частота 0,015
18.03.2023 20:28:50      Количество символов э  = 8 частота 0,008
18.03.2023 20:28:50      Количество символов ю  = 12 частота 0,012
18.03.2023 20:28:50      Количество символов я  = 23 частота 0,023
18.03.2023 20:28:50      Количество символов ё  = 5 частота 0,005
18.03.2023 20:28:50      Количество символов ў  = 13 частота 0,013
18.03.2023 20:28:50      Количество символов —  = 1 частота 0,001
18.03.2023 20:32:45      Количество символов 
  = 30 частота 0,00426136363636364
18.03.2023 20:32:45      Количество символов    = 1072 частота 0,152272727272727
18.03.2023 20:32:45      Количество символов !  = 6 частота 0,000852272727272727
18.03.2023 20:32:45      Количество символов '  = 2 частота 0,000284090909090909
18.03.2023 20:32:45      Количество символов ,  = 114 частота 0,0161931818181818
18.03.2023 20:32:45      Количество символов -  = 14 частота 0,00198863636363636
18.03.2023 20:32:45      Количество символов .  = 92 частота 0,0130681818181818
18.03.2023 20:32:45      Количество символов ?  = 2 частота 0,000284090909090909
18.03.2023 20:32:45      Количество символов I  = 18 частота 0,00255681818181818
18.03.2023 20:32:45      Количество символов i  = 260 частота 0,0369318181818182
18.03.2023 20:32:45      Количество символов Ё  = 8 частота 0,00113636363636364
18.03.2023 20:32:45      Количество символов А  = 10 частота 0,00142045454545455
18.03.2023 20:32:45      Количество символов Б  = 8 частота 0,00113636363636364
18.03.2023 20:32:45      Количество символов В  = 6 частота 0,000852272727272727
18.03.2023 20:32:45      Количество символов Г  = 10 частота 0,00142045454545455
18.03.2023 20:32:45      Количество символов З  = 4 частота 0,000568181818181818
18.03.2023 20:32:45      Количество символов К  = 14 частота 0,00198863636363636
18.03.2023 20:32:45      Количество символов Л  = 2 частота 0,000284090909090909
18.03.2023 20:32:45      Количество символов Н  = 6 частота 0,000852272727272727
18.03.2023 20:32:45      Количество символов П  = 4 частота 0,000568181818181818
18.03.2023 20:32:45      Количество символов Р  = 4 частота 0,000568181818181818
18.03.2023 20:32:45      Количество символов Т  = 4 частота 0,000568181818181818
18.03.2023 20:32:45      Количество символов У  = 6 частота 0,000852272727272727
18.03.2023 20:32:45      Количество символов Ш  = 2 частота 0,000284090909090909
18.03.2023 20:32:45      Количество символов Я  = 4 частота 0,000568181818181818
18.03.2023 20:32:45      Количество символов а  = 920 частота 0,130681818181818
18.03.2023 20:32:45      Количество символов б  = 82 частота 0,0116477272727273
18.03.2023 20:32:45      Количество символов в  = 168 частота 0,0238636363636364
18.03.2023 20:32:45      Количество символов г  = 104 частота 0,0147727272727273
18.03.2023 20:32:45      Количество символов д  = 192 частота 0,0272727272727273
18.03.2023 20:32:45      Количество символов е  = 218 частота 0,0309659090909091
18.03.2023 20:32:45      Количество символов ж  = 72 частота 0,0102272727272727
18.03.2023 20:32:45      Количество символов з  = 170 частота 0,0241477272727273
18.03.2023 20:32:45      Количество символов й  = 100 частота 0,0142045454545455
18.03.2023 20:32:45      Количество символов к  = 216 частота 0,0306818181818182
18.03.2023 20:32:45      Количество символов л  = 222 частота 0,0315340909090909
18.03.2023 20:32:45      Количество символов м  = 208 частота 0,0295454545454545
18.03.2023 20:32:45      Количество символов н  = 334 частота 0,0474431818181818
18.03.2023 20:32:45      Количество символов о  = 250 частота 0,0355113636363636
18.03.2023 20:32:45      Количество символов п  = 152 частота 0,0215909090909091
18.03.2023 20:32:45      Количество символов р  = 228 частота 0,0323863636363636
18.03.2023 20:32:45      Количество символов с  = 182 частота 0,0258522727272727
18.03.2023 20:32:45      Количество символов т  = 142 частота 0,0201704545454545
18.03.2023 20:32:45      Количество символов у  = 140 частота 0,0198863636363636
18.03.2023 20:32:45      Количество символов х  = 48 частота 0,00681818181818182
18.03.2023 20:32:45      Количество символов ц  = 224 частота 0,0318181818181818
18.03.2023 20:32:45      Количество символов ч  = 82 частота 0,0116477272727273
18.03.2023 20:32:45      Количество символов ш  = 62 частота 0,00880681818181818
18.03.2023 20:32:45      Количество символов ы  = 248 частота 0,0352272727272727
18.03.2023 20:32:45      Количество символов ь  = 92 частота 0,0130681818181818
18.03.2023 20:32:45      Количество символов э  = 46 частота 0,00653409090909091
18.03.2023 20:32:45      Количество символов ю  = 90 частота 0,0127840909090909
18.03.2023 20:32:45      Количество символов я  = 186 частота 0,0264204545454545
18.03.2023 20:32:45      Количество символов ё  = 56 частота 0,00795454545454545
18.03.2023 20:32:45      Количество символов ў  = 98 частота 0,0139204545454545
18.03.2023 20:32:45      Количество символов —  = 6 частота 0,000852272727272727
18.03.2023 20:35:01      Количество символов 
  = 30 частота 0,00426136363636364
18.03.2023 20:35:01      Количество символов    = 1072 частота 0,152272727272727
18.03.2023 20:35:01      Количество символов !  = 6 частота 0,000852272727272727
18.03.2023 20:35:01      Количество символов '  = 2 частота 0,000284090909090909
18.03.2023 20:35:01      Количество символов ,  = 114 частота 0,0161931818181818
18.03.2023 20:35:01      Количество символов -  = 14 частота 0,00198863636363636
18.03.2023 20:35:01      Количество символов .  = 92 частота 0,0130681818181818
18.03.2023 20:35:01      Количество символов ?  = 2 частота 0,000284090909090909
18.03.2023 20:35:01      Количество символов I  = 18 частота 0,00255681818181818
18.03.2023 20:35:01      Количество символов i  = 260 частота 0,0369318181818182
18.03.2023 20:35:01      Количество символов Ё  = 8 частота 0,00113636363636364
18.03.2023 20:35:01      Количество символов А  = 10 частота 0,00142045454545455
18.03.2023 20:35:01      Количество символов Б  = 8 частота 0,00113636363636364
18.03.2023 20:35:01      Количество символов В  = 6 частота 0,000852272727272727
18.03.2023 20:35:01      Количество символов Г  = 10 частота 0,00142045454545455
18.03.2023 20:35:01      Количество символов З  = 4 частота 0,000568181818181818
18.03.2023 20:35:01      Количество символов К  = 14 частота 0,00198863636363636
18.03.2023 20:35:01      Количество символов Л  = 2 частота 0,000284090909090909
18.03.2023 20:35:01      Количество символов Н  = 6 частота 0,000852272727272727
18.03.2023 20:35:01      Количество символов П  = 4 частота 0,000568181818181818
18.03.2023 20:35:01      Количество символов Р  = 4 частота 0,000568181818181818
18.03.2023 20:35:01      Количество символов Т  = 4 частота 0,000568181818181818
18.03.2023 20:35:01      Количество символов У  = 6 частота 0,000852272727272727
18.03.2023 20:35:01      Количество символов Ш  = 2 частота 0,000284090909090909
18.03.2023 20:35:01      Количество символов Я  = 4 частота 0,000568181818181818
18.03.2023 20:35:01      Количество символов а  = 920 частота 0,130681818181818
18.03.2023 20:35:01      Количество символов б  = 82 частота 0,0116477272727273
18.03.2023 20:35:01      Количество символов в  = 168 частота 0,0238636363636364
18.03.2023 20:35:01      Количество символов г  = 104 частота 0,0147727272727273
18.03.2023 20:35:01      Количество символов д  = 192 частота 0,0272727272727273
18.03.2023 20:35:01      Количество символов е  = 218 частота 0,0309659090909091
18.03.2023 20:35:01      Количество символов ж  = 72 частота 0,0102272727272727
18.03.2023 20:35:01      Количество символов з  = 170 частота 0,0241477272727273
18.03.2023 20:35:01      Количество символов й  = 100 частота 0,0142045454545455
18.03.2023 20:35:01      Количество символов к  = 216 частота 0,0306818181818182
18.03.2023 20:35:01      Количество символов л  = 222 частота 0,0315340909090909
18.03.2023 20:35:01      Количество символов м  = 208 частота 0,0295454545454545
18.03.2023 20:35:01      Количество символов н  = 334 частота 0,0474431818181818
18.03.2023 20:35:01      Количество символов о  = 250 частота 0,0355113636363636
18.03.2023 20:35:01      Количество символов п  = 152 частота 0,0215909090909091
18.03.2023 20:35:01      Количество символов р  = 228 частота 0,0323863636363636
18.03.2023 20:35:01      Количество символов с  = 182 частота 0,0258522727272727
18.03.2023 20:35:01      Количество символов т  = 142 частота 0,0201704545454545
18.03.2023 20:35:01      Количество символов у  = 140 частота 0,0198863636363636
18.03.2023 20:35:01      Количество символов х  = 48 частота 0,00681818181818182
18.03.2023 20:35:01      Количество символов ц  = 224 частота 0,0318181818181818
18.03.2023 20:35:01      Количество символов ч  = 82 частота 0,0116477272727273
18.03.2023 20:35:01      Количество символов ш  = 62 частота 0,00880681818181818
18.03.2023 20:35:01      Количество символов ы  = 248 частота 0,0352272727272727
18.03.2023 20:35:01      Количество символов ь  = 92 частота 0,0130681818181818
18.03.2023 20:35:01      Количество символов э  = 46 частота 0,00653409090909091
18.03.2023 20:35:01      Количество символов ю  = 90 частота 0,0127840909090909
18.03.2023 20:35:01      Количество символов я  = 186 частота 0,0264204545454545
18.03.2023 20:35:01      Количество символов ё  = 56 частота 0,00795454545454545
18.03.2023 20:35:01      Количество символов ў  = 98 частота 0,0139204545454545
18.03.2023 20:35:01      Количество символов —  = 6 частота 0,000852272727272727
18.03.2023 20:36:14      Количество символов 
  = 30 частота 0,00426136363636364
18.03.2023 20:36:14      Количество символов    = 1072 частота 0,152272727272727
18.03.2023 20:36:14      Количество символов !  = 6 частота 0,000852272727272727
18.03.2023 20:36:14      Количество символов '  = 2 частота 0,000284090909090909
18.03.2023 20:36:14      Количество символов ,  = 114 частота 0,0161931818181818
18.03.2023 20:36:14      Количество символов -  = 14 частота 0,00198863636363636
18.03.2023 20:36:14      Количество символов .  = 92 частота 0,0130681818181818
18.03.2023 20:36:14      Количество символов ?  = 2 частота 0,000284090909090909
18.03.2023 20:36:14      Количество символов I  = 18 частота 0,00255681818181818
18.03.2023 20:36:14      Количество символов i  = 260 частота 0,0369318181818182
18.03.2023 20:36:14      Количество символов Ё  = 8 частота 0,00113636363636364
18.03.2023 20:36:14      Количество символов А  = 10 частота 0,00142045454545455
18.03.2023 20:36:14      Количество символов Б  = 8 частота 0,00113636363636364
18.03.2023 20:36:14      Количество символов В  = 6 частота 0,000852272727272727
18.03.2023 20:36:14      Количество символов Г  = 10 частота 0,00142045454545455
18.03.2023 20:36:14      Количество символов З  = 4 частота 0,000568181818181818
18.03.2023 20:36:14      Количество символов К  = 14 частота 0,00198863636363636
18.03.2023 20:36:14      Количество символов Л  = 2 частота 0,000284090909090909
18.03.2023 20:36:14      Количество символов Н  = 6 частота 0,000852272727272727
18.03.2023 20:36:14      Количество символов П  = 4 частота 0,000568181818181818
18.03.2023 20:36:14      Количество символов Р  = 4 частота 0,000568181818181818
18.03.2023 20:36:14      Количество символов Т  = 4 частота 0,000568181818181818
18.03.2023 20:36:14      Количество символов У  = 6 частота 0,000852272727272727
18.03.2023 20:36:14      Количество символов Ш  = 2 частота 0,000284090909090909
18.03.2023 20:36:14      Количество символов Я  = 4 частота 0,000568181818181818
18.03.2023 20:36:14      Количество символов а  = 920 частота 0,130681818181818
18.03.2023 20:36:14      Количество символов б  = 82 частота 0,0116477272727273
18.03.2023 20:36:14      Количество символов в  = 168 частота 0,0238636363636364
18.03.2023 20:36:14      Количество символов г  = 104 частота 0,0147727272727273
18.03.2023 20:36:14      Количество символов д  = 192 частота 0,0272727272727273
18.03.2023 20:36:14      Количество символов е  = 218 частота 0,0309659090909091
18.03.2023 20:36:14      Количество символов ж  = 72 частота 0,0102272727272727
18.03.2023 20:36:14      Количество символов з  = 170 частота 0,0241477272727273
18.03.2023 20:36:14      Количество символов й  = 100 частота 0,0142045454545455
18.03.2023 20:36:14      Количество символов к  = 216 частота 0,0306818181818182
18.03.2023 20:36:14      Количество символов л  = 222 частота 0,0315340909090909
18.03.2023 20:36:14      Количество символов м  = 208 частота 0,0295454545454545
18.03.2023 20:36:14      Количество символов н  = 334 частота 0,0474431818181818
18.03.2023 20:36:14      Количество символов о  = 250 частота 0,0355113636363636
18.03.2023 20:36:14      Количество символов п  = 152 частота 0,0215909090909091
18.03.2023 20:36:14      Количество символов р  = 228 частота 0,0323863636363636
18.03.2023 20:36:14      Количество символов с  = 182 частота 0,0258522727272727
18.03.2023 20:36:14      Количество символов т  = 142 частота 0,0201704545454545
18.03.2023 20:36:14      Количество символов у  = 140 частота 0,0198863636363636
18.03.2023 20:36:14      Количество символов х  = 48 частота 0,00681818181818182
18.03.2023 20:36:14      Количество символов ц  = 224 частота 0,0318181818181818
18.03.2023 20:36:14      Количество символов ч  = 82 частота 0,0116477272727273
18.03.2023 20:36:14      Количество символов ш  = 62 частота 0,00880681818181818
18.03.2023 20:36:14      Количество символов ы  = 248 частота 0,0352272727272727
18.03.2023 20:36:14      Количество символов ь  = 92 частота 0,0130681818181818
18.03.2023 20:36:14      Количество символов э  = 46 частота 0,00653409090909091
18.03.2023 20:36:14      Количество символов ю  = 90 частота 0,0127840909090909
18.03.2023 20:36:14      Количество символов я  = 186 частота 0,0264204545454545
18.03.2023 20:36:14      Количество символов ё  = 56 частота 0,00795454545454545
18.03.2023 20:36:14      Количество символов ў  = 98 частота 0,0139204545454545
18.03.2023 20:36:14      Количество символов —  = 6 частота 0,000852272727272727
18.03.2023 20:36:45      Количество символов 
  = 30 частота 0,00426136363636364
18.03.2023 20:36:45      Количество символов    = 1072 частота 0,152272727272727
18.03.2023 20:36:45      Количество символов !  = 6 частота 0,000852272727272727
18.03.2023 20:36:45      Количество символов '  = 2 частота 0,000284090909090909
18.03.2023 20:36:45      Количество символов ,  = 114 частота 0,0161931818181818
18.03.2023 20:36:45      Количество символов -  = 14 частота 0,00198863636363636
18.03.2023 20:36:45      Количество символов .  = 92 частота 0,0130681818181818
18.03.2023 20:36:45      Количество символов ?  = 2 частота 0,000284090909090909
18.03.2023 20:36:45      Количество символов I  = 18 частота 0,00255681818181818
18.03.2023 20:36:45      Количество символов i  = 260 частота 0,0369318181818182
18.03.2023 20:36:45      Количество символов Ё  = 8 частота 0,00113636363636364
18.03.2023 20:36:45      Количество символов А  = 10 частота 0,00142045454545455
18.03.2023 20:36:45      Количество символов Б  = 8 частота 0,00113636363636364
18.03.2023 20:36:45      Количество символов В  = 6 частота 0,000852272727272727
18.03.2023 20:36:45      Количество символов Г  = 10 частота 0,00142045454545455
18.03.2023 20:36:45      Количество символов З  = 4 частота 0,000568181818181818
18.03.2023 20:36:45      Количество символов К  = 14 частота 0,00198863636363636
18.03.2023 20:36:45      Количество символов Л  = 2 частота 0,000284090909090909
18.03.2023 20:36:45      Количество символов Н  = 6 частота 0,000852272727272727
18.03.2023 20:36:45      Количество символов П  = 4 частота 0,000568181818181818
18.03.2023 20:36:45      Количество символов Р  = 4 частота 0,000568181818181818
18.03.2023 20:36:45      Количество символов Т  = 4 частота 0,000568181818181818
18.03.2023 20:36:45      Количество символов У  = 6 частота 0,000852272727272727
18.03.2023 20:36:45      Количество символов Ш  = 2 частота 0,000284090909090909
18.03.2023 20:36:45      Количество символов Я  = 4 частота 0,000568181818181818
18.03.2023 20:36:45      Количество символов а  = 920 частота 0,130681818181818
18.03.2023 20:36:45      Количество символов б  = 82 частота 0,0116477272727273
18.03.2023 20:36:45      Количество символов в  = 168 частота 0,0238636363636364
18.03.2023 20:36:45      Количество символов г  = 104 частота 0,0147727272727273
18.03.2023 20:36:45      Количество символов д  = 192 частота 0,0272727272727273
18.03.2023 20:36:45      Количество символов е  = 218 частота 0,0309659090909091
18.03.2023 20:36:45      Количество символов ж  = 72 частота 0,0102272727272727
18.03.2023 20:36:45      Количество символов з  = 170 частота 0,0241477272727273
18.03.2023 20:36:45      Количество символов й  = 100 частота 0,0142045454545455
18.03.2023 20:36:45      Количество символов к  = 216 частота 0,0306818181818182
18.03.2023 20:36:45      Количество символов л  = 222 частота 0,0315340909090909
18.03.2023 20:36:45      Количество символов м  = 208 частота 0,0295454545454545
18.03.2023 20:36:45      Количество символов н  = 334 частота 0,0474431818181818
18.03.2023 20:36:45      Количество символов о  = 250 частота 0,0355113636363636
18.03.2023 20:36:45      Количество символов п  = 152 частота 0,0215909090909091
18.03.2023 20:36:45      Количество символов р  = 228 частота 0,0323863636363636
18.03.2023 20:36:45      Количество символов с  = 182 частота 0,0258522727272727
18.03.2023 20:36:45      Количество символов т  = 142 частота 0,0201704545454545
18.03.2023 20:36:45      Количество символов у  = 140 частота 0,0198863636363636
18.03.2023 20:36:45      Количество символов х  = 48 частота 0,00681818181818182
18.03.2023 20:36:45      Количество символов ц  = 224 частота 0,0318181818181818
18.03.2023 20:36:45      Количество символов ч  = 82 частота 0,0116477272727273
18.03.2023 20:36:45      Количество символов ш  = 62 частота 0,00880681818181818
18.03.2023 20:36:45      Количество символов ы  = 248 частота 0,0352272727272727
18.03.2023 20:36:45      Количество символов ь  = 92 частота 0,0130681818181818
18.03.2023 20:36:45      Количество символов э  = 46 частота 0,00653409090909091
18.03.2023 20:36:45      Количество символов ю  = 90 частота 0,0127840909090909
18.03.2023 20:36:45      Количество символов я  = 186 частота 0,0264204545454545
18.03.2023 20:36:45      Количество символов ё  = 56 частота 0,00795454545454545
18.03.2023 20:36:45      Количество символов ў  = 98 частота 0,0139204545454545
18.03.2023 20:36:45      Количество символов —  = 6 частота 0,000852272727272727
18.03.2023 20:37:15      Количество символов 
  = 30 частота 0,00426136363636364
18.03.2023 20:37:15      Количество символов    = 1072 частота 0,152272727272727
18.03.2023 20:37:15      Количество символов !  = 6 частота 0,000852272727272727
18.03.2023 20:37:15      Количество символов '  = 2 частота 0,000284090909090909
18.03.2023 20:37:15      Количество символов ,  = 114 частота 0,0161931818181818
18.03.2023 20:37:15      Количество символов -  = 14 частота 0,00198863636363636
18.03.2023 20:37:15      Количество символов .  = 92 частота 0,0130681818181818
18.03.2023 20:37:15      Количество символов ?  = 2 частота 0,000284090909090909
18.03.2023 20:37:15      Количество символов I  = 18 частота 0,00255681818181818
18.03.2023 20:37:15      Количество символов i  = 260 частота 0,0369318181818182
18.03.2023 20:37:15      Количество символов Ё  = 8 частота 0,00113636363636364
18.03.2023 20:37:15      Количество символов А  = 10 частота 0,00142045454545455
18.03.2023 20:37:15      Количество символов Б  = 8 частота 0,00113636363636364
18.03.2023 20:37:15      Количество символов В  = 6 частота 0,000852272727272727
18.03.2023 20:37:15      Количество символов Г  = 10 частота 0,00142045454545455
18.03.2023 20:37:15      Количество символов З  = 4 частота 0,000568181818181818
18.03.2023 20:37:15      Количество символов К  = 14 частота 0,00198863636363636
18.03.2023 20:37:15      Количество символов Л  = 2 частота 0,000284090909090909
18.03.2023 20:37:15      Количество символов Н  = 6 частота 0,000852272727272727
18.03.2023 20:37:15      Количество символов П  = 4 частота 0,000568181818181818
18.03.2023 20:37:15      Количество символов Р  = 4 частота 0,000568181818181818
18.03.2023 20:37:15      Количество символов Т  = 4 частота 0,000568181818181818
18.03.2023 20:37:15      Количество символов У  = 6 частота 0,000852272727272727
18.03.2023 20:37:15      Количество символов Ш  = 2 частота 0,000284090909090909
18.03.2023 20:37:15      Количество символов Я  = 4 частота 0,000568181818181818
18.03.2023 20:37:15      Количество символов а  = 920 частота 0,130681818181818
18.03.2023 20:37:15      Количество символов б  = 82 частота 0,0116477272727273
18.03.2023 20:37:15      Количество символов в  = 168 частота 0,0238636363636364
18.03.2023 20:37:15      Количество символов г  = 104 частота 0,0147727272727273
18.03.2023 20:37:15      Количество символов д  = 192 частота 0,0272727272727273
18.03.2023 20:37:15      Количество символов е  = 218 частота 0,0309659090909091
18.03.2023 20:37:15      Количество символов ж  = 72 частота 0,0102272727272727
18.03.2023 20:37:15      Количество символов з  = 170 частота 0,0241477272727273
18.03.2023 20:37:15      Количество символов й  = 100 частота 0,0142045454545455
18.03.2023 20:37:15      Количество символов к  = 216 частота 0,0306818181818182
18.03.2023 20:37:15      Количество символов л  = 222 частота 0,0315340909090909
18.03.2023 20:37:15      Количество символов м  = 208 частота 0,0295454545454545
18.03.2023 20:37:15      Количество символов н  = 334 частота 0,0474431818181818
18.03.2023 20:37:15      Количество символов о  = 250 частота 0,0355113636363636
18.03.2023 20:37:15      Количество символов п  = 152 частота 0,0215909090909091
18.03.2023 20:37:15      Количество символов р  = 228 частота 0,0323863636363636
18.03.2023 20:37:15      Количество символов с  = 182 частота 0,0258522727272727
18.03.2023 20:37:15      Количество символов т  = 142 частота 0,0201704545454545
18.03.2023 20:37:15      Количество символов у  = 140 частота 0,0198863636363636
18.03.2023 20:37:15      Количество символов х  = 48 частота 0,00681818181818182
18.03.2023 20:37:15      Количество символов ц  = 224 частота 0,0318181818181818
18.03.2023 20:37:15      Количество символов ч  = 82 частота 0,0116477272727273
18.03.2023 20:37:15      Количество символов ш  = 62 частота 0,00880681818181818
18.03.2023 20:37:15      Количество символов ы  = 248 частота 0,0352272727272727
18.03.2023 20:37:15      Количество символов ь  = 92 частота 0,0130681818181818
18.03.2023 20:37:15      Количество символов э  = 46 частота 0,00653409090909091
18.03.2023 20:37:15      Количество символов ю  = 90 частота 0,0127840909090909
18.03.2023 20:37:15      Количество символов я  = 186 частота 0,0264204545454545
18.03.2023 20:37:15      Количество символов ё  = 56 частота 0,00795454545454545
18.03.2023 20:37:15      Количество символов ў  = 98 частота 0,0139204545454545
18.03.2023 20:37:15      Количество символов —  = 6 частота 0,000852272727272727
18.03.2023 20:37:42      Количество символов 
  = 30 частота 0,00426136363636364
18.03.2023 20:37:42      Количество символов    = 1072 частота 0,152272727272727
18.03.2023 20:37:42      Количество символов !  = 6 частота 0,000852272727272727
18.03.2023 20:37:42      Количество символов '  = 2 частота 0,000284090909090909
18.03.2023 20:37:42      Количество символов ,  = 114 частота 0,0161931818181818
18.03.2023 20:37:42      Количество символов -  = 14 частота 0,00198863636363636
18.03.2023 20:37:42      Количество символов .  = 92 частота 0,0130681818181818
18.03.2023 20:37:42      Количество символов ?  = 2 частота 0,000284090909090909
18.03.2023 20:37:42      Количество символов I  = 18 частота 0,00255681818181818
18.03.2023 20:37:42      Количество символов i  = 260 частота 0,0369318181818182
18.03.2023 20:37:42      Количество символов Ё  = 8 частота 0,00113636363636364
18.03.2023 20:37:42      Количество символов А  = 10 частота 0,00142045454545455
18.03.2023 20:37:42      Количество символов Б  = 8 частота 0,00113636363636364
18.03.2023 20:37:42      Количество символов В  = 6 частота 0,000852272727272727
18.03.2023 20:37:42      Количество символов Г  = 10 частота 0,00142045454545455
18.03.2023 20:37:42      Количество символов З  = 4 частота 0,000568181818181818
18.03.2023 20:37:42      Количество символов К  = 14 частота 0,00198863636363636
18.03.2023 20:37:42      Количество символов Л  = 2 частота 0,000284090909090909
18.03.2023 20:37:42      Количество символов Н  = 6 частота 0,000852272727272727
18.03.2023 20:37:42      Количество символов П  = 4 частота 0,000568181818181818
18.03.2023 20:37:42      Количество символов Р  = 4 частота 0,000568181818181818
18.03.2023 20:37:42      Количество символов Т  = 4 частота 0,000568181818181818
18.03.2023 20:37:42      Количество символов У  = 6 частота 0,000852272727272727
18.03.2023 20:37:42      Количество символов Ш  = 2 частота 0,000284090909090909
18.03.2023 20:37:42      Количество символов Я  = 4 частота 0,000568181818181818
18.03.2023 20:37:42      Количество символов а  = 920 частота 0,130681818181818
18.03.2023 20:37:42      Количество символов б  = 82 частота 0,0116477272727273
18.03.2023 20:37:42      Количество символов в  = 168 частота 0,0238636363636364
18.03.2023 20:37:42      Количество символов г  = 104 частота 0,0147727272727273
18.03.2023 20:37:42      Количество символов д  = 192 частота 0,0272727272727273
18.03.2023 20:37:42      Количество символов е  = 218 частота 0,0309659090909091
18.03.2023 20:37:42      Количество символов ж  = 72 частота 0,0102272727272727
18.03.2023 20:37:42      Количество символов з  = 170 частота 0,0241477272727273
18.03.2023 20:37:42      Количество символов й  = 100 частота 0,0142045454545455
18.03.2023 20:37:42      Количество символов к  = 216 частота 0,0306818181818182
18.03.2023 20:37:42      Количество символов л  = 222 частота 0,0315340909090909
18.03.2023 20:37:42      Количество символов м  = 208 частота 0,0295454545454545
18.03.2023 20:37:42      Количество символов н  = 334 частота 0,0474431818181818
18.03.2023 20:37:42      Количество символов о  = 250 частота 0,0355113636363636
18.03.2023 20:37:42      Количество символов п  = 152 частота 0,0215909090909091
18.03.2023 20:37:42      Количество символов р  = 228 частота 0,0323863636363636
18.03.2023 20:37:42      Количество символов с  = 182 частота 0,0258522727272727
18.03.2023 20:37:42      Количество символов т  = 142 частота 0,0201704545454545
18.03.2023 20:37:42      Количество символов у  = 140 частота 0,0198863636363636
18.03.2023 20:37:42      Количество символов х  = 48 частота 0,00681818181818182
18.03.2023 20:37:42      Количество символов ц  = 224 частота 0,0318181818181818
18.03.2023 20:37:42      Количество символов ч  = 82 частота 0,0116477272727273
18.03.2023 20:37:42      Количество символов ш  = 62 частота 0,00880681818181818
18.03.2023 20:37:42      Количество символов ы  = 248 частота 0,0352272727272727
18.03.2023 20:37:42      Количество символов ь  = 92 частота 0,0130681818181818
18.03.2023 20:37:42      Количество символов э  = 46 частота 0,00653409090909091
18.03.2023 20:37:42      Количество символов ю  = 90 частота 0,0127840909090909
18.03.2023 20:37:42      Количество символов я  = 186 частота 0,0264204545454545
18.03.2023 20:37:42      Количество символов ё  = 56 частота 0,00795454545454545
18.03.2023 20:37:42      Количество символов ў  = 98 частота 0,0139204545454545
18.03.2023 20:37:42      Количество символов —  = 6 частота 0,000852272727272727
18.03.2023 20:38:22      Количество символов 
  = 30 частота 0,00426136363636364
18.03.2023 20:38:22      Количество символов    = 1072 частота 0,152272727272727
18.03.2023 20:38:22      Количество символов !  = 6 частота 0,000852272727272727
18.03.2023 20:38:22      Количество символов '  = 2 частота 0,000284090909090909
18.03.2023 20:38:22      Количество символов ,  = 114 частота 0,0161931818181818
18.03.2023 20:38:22      Количество символов -  = 14 частота 0,00198863636363636
18.03.2023 20:38:22      Количество символов .  = 92 частота 0,0130681818181818
18.03.2023 20:38:22      Количество символов ?  = 2 частота 0,000284090909090909
18.03.2023 20:38:22      Количество символов I  = 18 частота 0,00255681818181818
18.03.2023 20:38:22      Количество символов i  = 260 частота 0,0369318181818182
18.03.2023 20:38:22      Количество символов Ё  = 8 частота 0,00113636363636364
18.03.2023 20:38:22      Количество символов А  = 10 частота 0,00142045454545455
18.03.2023 20:38:22      Количество символов Б  = 8 частота 0,00113636363636364
18.03.2023 20:38:22      Количество символов В  = 6 частота 0,000852272727272727
18.03.2023 20:38:22      Количество символов Г  = 10 частота 0,00142045454545455
18.03.2023 20:38:22      Количество символов З  = 4 частота 0,000568181818181818
18.03.2023 20:38:22      Количество символов К  = 14 частота 0,00198863636363636
18.03.2023 20:38:22      Количество символов Л  = 2 частота 0,000284090909090909
18.03.2023 20:38:22      Количество символов Н  = 6 частота 0,000852272727272727
18.03.2023 20:38:22      Количество символов П  = 4 частота 0,000568181818181818
18.03.2023 20:38:22      Количество символов Р  = 4 частота 0,000568181818181818
18.03.2023 20:38:22      Количество символов Т  = 4 частота 0,000568181818181818
18.03.2023 20:38:22      Количество символов У  = 6 частота 0,000852272727272727
18.03.2023 20:38:22      Количество символов Ш  = 2 частота 0,000284090909090909
18.03.2023 20:38:22      Количество символов Я  = 4 частота 0,000568181818181818
18.03.2023 20:38:22      Количество символов а  = 920 частота 0,130681818181818
18.03.2023 20:38:22      Количество символов б  = 82 частота 0,0116477272727273
18.03.2023 20:38:22      Количество символов в  = 168 частота 0,0238636363636364
18.03.2023 20:38:22      Количество символов г  = 104 частота 0,0147727272727273
18.03.2023 20:38:22      Количество символов д  = 192 частота 0,0272727272727273
18.03.2023 20:38:22      Количество символов е  = 218 частота 0,0309659090909091
18.03.2023 20:38:22      Количество символов ж  = 72 частота 0,0102272727272727
18.03.2023 20:38:22      Количество символов з  = 170 частота 0,0241477272727273
18.03.2023 20:38:22      Количество символов й  = 100 частота 0,0142045454545455
18.03.2023 20:38:22      Количество символов к  = 216 частота 0,0306818181818182
18.03.2023 20:38:22      Количество символов л  = 222 частота 0,0315340909090909
18.03.2023 20:38:22      Количество символов м  = 208 частота 0,0295454545454545
18.03.2023 20:38:22      Количество символов н  = 334 частота 0,0474431818181818
18.03.2023 20:38:22      Количество символов о  = 250 частота 0,0355113636363636
18.03.2023 20:38:22      Количество символов п  = 152 частота 0,0215909090909091
18.03.2023 20:38:22      Количество символов р  = 228 частота 0,0323863636363636
18.03.2023 20:38:22      Количество символов с  = 182 частота 0,0258522727272727
18.03.2023 20:38:22      Количество символов т  = 142 частота 0,0201704545454545
18.03.2023 20:38:22      Количество символов у  = 140 частота 0,0198863636363636
18.03.2023 20:38:22      Количество символов х  = 48 частота 0,00681818181818182
18.03.2023 20:38:22      Количество символов ц  = 224 частота 0,0318181818181818
18.03.2023 20:38:22      Количество символов ч  = 82 частота 0,0116477272727273
18.03.2023 20:38:22      Количество символов ш  = 62 частота 0,00880681818181818
18.03.2023 20:38:22      Количество символов ы  = 248 частота 0,0352272727272727
18.03.2023 20:38:22      Количество символов ь  = 92 частота 0,0130681818181818
18.03.2023 20:38:22      Количество символов э  = 46 частота 0,00653409090909091
18.03.2023 20:38:22      Количество символов ю  = 90 частота 0,0127840909090909
18.03.2023 20:38:22      Количество символов я  = 186 частота 0,0264204545454545
18.03.2023 20:38:22      Количество символов ё  = 56 частота 0,00795454545454545
18.03.2023 20:38:22      Количество символов ў  = 98 частота 0,0139204545454545
18.03.2023 20:38:22      Количество символов —  = 6 частота 0,000852272727272727
18.03.2023 20:39:28      Количество символов 
  = 30 частота 0,00426136363636364
18.03.2023 20:39:28      Количество символов    = 1072 частота 0,152272727272727
18.03.2023 20:39:28      Количество символов !  = 6 частота 0,000852272727272727
18.03.2023 20:39:28      Количество символов '  = 2 частота 0,000284090909090909
18.03.2023 20:39:28      Количество символов ,  = 114 частота 0,0161931818181818
18.03.2023 20:39:28      Количество символов -  = 14 частота 0,00198863636363636
18.03.2023 20:39:28      Количество символов .  = 92 частота 0,0130681818181818
18.03.2023 20:39:28      Количество символов ?  = 2 частота 0,000284090909090909
18.03.2023 20:39:28      Количество символов I  = 18 частота 0,00255681818181818
18.03.2023 20:39:28      Количество символов i  = 260 частота 0,0369318181818182
18.03.2023 20:39:28      Количество символов Ё  = 8 частота 0,00113636363636364
18.03.2023 20:39:28      Количество символов А  = 10 частота 0,00142045454545455
18.03.2023 20:39:28      Количество символов Б  = 8 частота 0,00113636363636364
18.03.2023 20:39:28      Количество символов В  = 6 частота 0,000852272727272727
18.03.2023 20:39:28      Количество символов Г  = 10 частота 0,00142045454545455
18.03.2023 20:39:28      Количество символов З  = 4 частота 0,000568181818181818
18.03.2023 20:39:28      Количество символов К  = 14 частота 0,00198863636363636
18.03.2023 20:39:28      Количество символов Л  = 2 частота 0,000284090909090909
18.03.2023 20:39:28      Количество символов Н  = 6 частота 0,000852272727272727
18.03.2023 20:39:28      Количество символов П  = 4 частота 0,000568181818181818
18.03.2023 20:39:28      Количество символов Р  = 4 частота 0,000568181818181818
18.03.2023 20:39:28      Количество символов Т  = 4 частота 0,000568181818181818
18.03.2023 20:39:28      Количество символов У  = 6 частота 0,000852272727272727
18.03.2023 20:39:28      Количество символов Ш  = 2 частота 0,000284090909090909
18.03.2023 20:39:28      Количество символов Я  = 4 частота 0,000568181818181818
18.03.2023 20:39:28      Количество символов а  = 920 частота 0,130681818181818
18.03.2023 20:39:28      Количество символов б  = 82 частота 0,0116477272727273
18.03.2023 20:39:28      Количество символов в  = 168 частота 0,0238636363636364
18.03.2023 20:39:28      Количество символов г  = 104 частота 0,0147727272727273
18.03.2023 20:39:28      Количество символов д  = 192 частота 0,0272727272727273
18.03.2023 20:39:28      Количество символов е  = 218 частота 0,0309659090909091
18.03.2023 20:39:28      Количество символов ж  = 72 частота 0,0102272727272727
18.03.2023 20:39:28      Количество символов з  = 170 частота 0,0241477272727273
18.03.2023 20:39:28      Количество символов й  = 100 частота 0,0142045454545455
18.03.2023 20:39:28      Количество символов к  = 216 частота 0,0306818181818182
18.03.2023 20:39:28      Количество символов л  = 222 частота 0,0315340909090909
18.03.2023 20:39:28      Количество символов м  = 208 частота 0,0295454545454545
18.03.2023 20:39:28      Количество символов н  = 334 частота 0,0474431818181818
18.03.2023 20:39:28      Количество символов о  = 250 частота 0,0355113636363636
18.03.2023 20:39:28      Количество символов п  = 152 частота 0,0215909090909091
18.03.2023 20:39:28      Количество символов р  = 228 частота 0,0323863636363636
18.03.2023 20:39:28      Количество символов с  = 182 частота 0,0258522727272727
18.03.2023 20:39:28      Количество символов т  = 142 частота 0,0201704545454545
18.03.2023 20:39:28      Количество символов у  = 140 частота 0,0198863636363636
18.03.2023 20:39:28      Количество символов х  = 48 частота 0,00681818181818182
18.03.2023 20:39:28      Количество символов ц  = 224 частота 0,0318181818181818
18.03.2023 20:39:28      Количество символов ч  = 82 частота 0,0116477272727273
18.03.2023 20:39:28      Количество символов ш  = 62 частота 0,00880681818181818
18.03.2023 20:39:28      Количество символов ы  = 248 частота 0,0352272727272727
18.03.2023 20:39:28      Количество символов ь  = 92 частота 0,0130681818181818
18.03.2023 20:39:28      Количество символов э  = 46 частота 0,00653409090909091
18.03.2023 20:39:28      Количество символов ю  = 90 частота 0,0127840909090909
18.03.2023 20:39:28      Количество символов я  = 186 частота 0,0264204545454545
18.03.2023 20:39:28      Количество символов ё  = 56 частота 0,00795454545454545
18.03.2023 20:39:28      Количество символов ў  = 98 частота 0,0139204545454545
18.03.2023 20:39:28      Количество символов —  = 6 частота 0,000852272727272727
18.03.2023 20:42:50      Количество символов 
  = 30 частота 0,00426136363636364
18.03.2023 20:42:50      Количество символов    = 1072 частота 0,152272727272727
18.03.2023 20:42:50      Количество символов !  = 6 частота 0,000852272727272727
18.03.2023 20:42:50      Количество символов '  = 2 частота 0,000284090909090909
18.03.2023 20:42:50      Количество символов ,  = 114 частота 0,0161931818181818
18.03.2023 20:42:50      Количество символов -  = 14 частота 0,00198863636363636
18.03.2023 20:42:50      Количество символов .  = 92 частота 0,0130681818181818
18.03.2023 20:42:50      Количество символов ?  = 2 частота 0,000284090909090909
18.03.2023 20:42:50      Количество символов I  = 18 частота 0,00255681818181818
18.03.2023 20:42:50      Количество символов i  = 260 частота 0,0369318181818182
18.03.2023 20:42:50      Количество символов Ё  = 8 частота 0,00113636363636364
18.03.2023 20:42:50      Количество символов А  = 10 частота 0,00142045454545455
18.03.2023 20:42:50      Количество символов Б  = 8 частота 0,00113636363636364
18.03.2023 20:42:50      Количество символов В  = 6 частота 0,000852272727272727
18.03.2023 20:42:50      Количество символов Г  = 10 частота 0,00142045454545455
18.03.2023 20:42:50      Количество символов З  = 4 частота 0,000568181818181818
18.03.2023 20:42:50      Количество символов К  = 14 частота 0,00198863636363636
18.03.2023 20:42:50      Количество символов Л  = 2 частота 0,000284090909090909
18.03.2023 20:42:50      Количество символов Н  = 6 частота 0,000852272727272727
18.03.2023 20:42:50      Количество символов П  = 4 частота 0,000568181818181818
18.03.2023 20:42:50      Количество символов Р  = 4 частота 0,000568181818181818
18.03.2023 20:42:50      Количество символов Т  = 4 частота 0,000568181818181818
18.03.2023 20:42:50      Количество символов У  = 6 частота 0,000852272727272727
18.03.2023 20:42:50      Количество символов Ш  = 2 частота 0,000284090909090909
18.03.2023 20:42:50      Количество символов Я  = 4 частота 0,000568181818181818
18.03.2023 20:42:50      Количество символов а  = 920 частота 0,130681818181818
18.03.2023 20:42:50      Количество символов б  = 82 частота 0,0116477272727273
18.03.2023 20:42:50      Количество символов в  = 168 частота 0,0238636363636364
18.03.2023 20:42:50      Количество символов г  = 104 частота 0,0147727272727273
18.03.2023 20:42:50      Количество символов д  = 192 частота 0,0272727272727273
18.03.2023 20:42:50      Количество символов е  = 218 частота 0,0309659090909091
18.03.2023 20:42:50      Количество символов ж  = 72 частота 0,0102272727272727
18.03.2023 20:42:50      Количество символов з  = 170 частота 0,0241477272727273
18.03.2023 20:42:50      Количество символов й  = 100 частота 0,0142045454545455
18.03.2023 20:42:50      Количество символов к  = 216 частота 0,0306818181818182
18.03.2023 20:42:50      Количество символов л  = 222 частота 0,0315340909090909
18.03.2023 20:42:50      Количество символов м  = 208 частота 0,0295454545454545
18.03.2023 20:42:50      Количество символов н  = 334 частота 0,0474431818181818
18.03.2023 20:42:50      Количество символов о  = 250 частота 0,0355113636363636
18.03.2023 20:42:50      Количество символов п  = 152 частота 0,0215909090909091
18.03.2023 20:42:50      Количество символов р  = 228 частота 0,0323863636363636
18.03.2023 20:42:50      Количество символов с  = 182 частота 0,0258522727272727
18.03.2023 20:42:50      Количество символов т  = 142 частота 0,0201704545454545
18.03.2023 20:42:50      Количество символов у  = 140 частота 0,0198863636363636
18.03.2023 20:42:50      Количество символов х  = 48 частота 0,00681818181818182
18.03.2023 20:42:50      Количество символов ц  = 224 частота 0,0318181818181818
18.03.2023 20:42:50      Количество символов ч  = 82 частота 0,0116477272727273
18.03.2023 20:42:50      Количество символов ш  = 62 частота 0,00880681818181818
18.03.2023 20:42:50      Количество символов ы  = 248 частота 0,0352272727272727
18.03.2023 20:42:50      Количество символов ь  = 92 частота 0,0130681818181818
18.03.2023 20:42:50      Количество символов э  = 46 частота 0,00653409090909091
18.03.2023 20:42:50      Количество символов ю  = 90 частота 0,0127840909090909
18.03.2023 20:42:50      Количество символов я  = 186 частота 0,0264204545454545
18.03.2023 20:42:50      Количество символов ё  = 56 частота 0,00795454545454545
18.03.2023 20:42:50      Количество символов ў  = 98 частота 0,0139204545454545
18.03.2023 20:42:50      Количество символов —  = 6 частота 0,000852272727272727
18.03.2023 20:43:55      Количество символов 
  = 30 частота 0,00426136363636364
18.03.2023 20:43:55      Количество символов    = 1072 частота 0,152272727272727
18.03.2023 20:43:55      Количество символов !  = 6 частота 0,000852272727272727
18.03.2023 20:43:55      Количество символов '  = 2 частота 0,000284090909090909
18.03.2023 20:43:55      Количество символов ,  = 114 частота 0,0161931818181818
18.03.2023 20:43:55      Количество символов -  = 14 частота 0,00198863636363636
18.03.2023 20:43:55      Количество символов .  = 92 частота 0,0130681818181818
18.03.2023 20:43:55      Количество символов ?  = 2 частота 0,000284090909090909
18.03.2023 20:43:55      Количество символов I  = 18 частота 0,00255681818181818
18.03.2023 20:43:55      Количество символов i  = 260 частота 0,0369318181818182
18.03.2023 20:43:55      Количество символов Ё  = 8 частота 0,00113636363636364
18.03.2023 20:43:55      Количество символов А  = 10 частота 0,00142045454545455
18.03.2023 20:43:55      Количество символов Б  = 8 частота 0,00113636363636364
18.03.2023 20:43:55      Количество символов В  = 6 частота 0,000852272727272727
18.03.2023 20:43:55      Количество символов Г  = 10 частота 0,00142045454545455
18.03.2023 20:43:55      Количество символов З  = 4 частота 0,000568181818181818
18.03.2023 20:43:55      Количество символов К  = 14 частота 0,00198863636363636
18.03.2023 20:43:55      Количество символов Л  = 2 частота 0,000284090909090909
18.03.2023 20:43:55      Количество символов Н  = 6 частота 0,000852272727272727
18.03.2023 20:43:55      Количество символов П  = 4 частота 0,000568181818181818
18.03.2023 20:43:55      Количество символов Р  = 4 частота 0,000568181818181818
18.03.2023 20:43:55      Количество символов Т  = 4 частота 0,000568181818181818
18.03.2023 20:43:55      Количество символов У  = 6 частота 0,000852272727272727
18.03.2023 20:43:55      Количество символов Ш  = 2 частота 0,000284090909090909
18.03.2023 20:43:55      Количество символов Я  = 4 частота 0,000568181818181818
18.03.2023 20:43:55      Количество символов а  = 920 частота 0,130681818181818
18.03.2023 20:43:55      Количество символов б  = 82 частота 0,0116477272727273
18.03.2023 20:43:55      Количество символов в  = 168 частота 0,0238636363636364
18.03.2023 20:43:55      Количество символов г  = 104 частота 0,0147727272727273
18.03.2023 20:43:55      Количество символов д  = 192 частота 0,0272727272727273
18.03.2023 20:43:55      Количество символов е  = 218 частота 0,0309659090909091
18.03.2023 20:43:55      Количество символов ж  = 72 частота 0,0102272727272727
18.03.2023 20:43:55      Количество символов з  = 170 частота 0,0241477272727273
18.03.2023 20:43:55      Количество символов й  = 100 частота 0,0142045454545455
18.03.2023 20:43:55      Количество символов к  = 216 частота 0,0306818181818182
18.03.2023 20:43:55      Количество символов л  = 222 частота 0,0315340909090909
18.03.2023 20:43:55      Количество символов м  = 208 частота 0,0295454545454545
18.03.2023 20:43:55      Количество символов н  = 334 частота 0,0474431818181818
18.03.2023 20:43:55      Количество символов о  = 250 частота 0,0355113636363636
18.03.2023 20:43:55      Количество символов п  = 152 частота 0,0215909090909091
18.03.2023 20:43:55      Количество символов р  = 228 частота 0,0323863636363636
18.03.2023 20:43:55      Количество символов с  = 182 частота 0,0258522727272727
18.03.2023 20:43:55      Количество символов т  = 142 частота 0,0201704545454545
18.03.2023 20:43:55      Количество символов у  = 140 частота 0,0198863636363636
18.03.2023 20:43:55      Количество символов х  = 48 частота 0,00681818181818182
18.03.2023 20:43:55      Количество символов ц  = 224 частота 0,0318181818181818
18.03.2023 20:43:55      Количество символов ч  = 82 частота 0,0116477272727273
18.03.2023 20:43:55      Количество символов ш  = 62 частота 0,00880681818181818
18.03.2023 20:43:55      Количество символов ы  = 248 частота 0,0352272727272727
18.03.2023 20:43:55      Количество символов ь  = 92 частота 0,0130681818181818
18.03.2023 20:43:55      Количество символов э  = 46 частота 0,00653409090909091
18.03.2023 20:43:55      Количество символов ю  = 90 частота 0,0127840909090909
18.03.2023 20:43:55      Количество символов я  = 186 частота 0,0264204545454545
18.03.2023 20:43:55      Количество символов ё  = 56 частота 0,00795454545454545
18.03.2023 20:43:55      Количество символов ў  = 98 частота 0,0139204545454545
18.03.2023 20:43:55      Количество символов —  = 6 частота 0,000852272727272727
18.03.2023 20:46:46      Количество символов 
  = 30 частота 0,00426136363636364
18.03.2023 20:46:46      Количество символов    = 1072 частота 0,152272727272727
18.03.2023 20:46:46      Количество символов !  = 6 частота 0,000852272727272727
18.03.2023 20:46:46      Количество символов '  = 2 частота 0,000284090909090909
18.03.2023 20:46:46      Количество символов ,  = 114 частота 0,0161931818181818
18.03.2023 20:46:46      Количество символов -  = 14 частота 0,00198863636363636
18.03.2023 20:46:46      Количество символов .  = 92 частота 0,0130681818181818
18.03.2023 20:46:46      Количество символов ?  = 2 частота 0,000284090909090909
18.03.2023 20:46:46      Количество символов I  = 18 частота 0,00255681818181818
18.03.2023 20:46:46      Количество символов i  = 260 частота 0,0369318181818182
18.03.2023 20:46:46      Количество символов Ё  = 8 частота 0,00113636363636364
18.03.2023 20:46:46      Количество символов А  = 10 частота 0,00142045454545455
18.03.2023 20:46:46      Количество символов Б  = 8 частота 0,00113636363636364
18.03.2023 20:46:46      Количество символов В  = 6 частота 0,000852272727272727
18.03.2023 20:46:46      Количество символов Г  = 10 частота 0,00142045454545455
18.03.2023 20:46:46      Количество символов З  = 4 частота 0,000568181818181818
18.03.2023 20:46:46      Количество символов К  = 14 частота 0,00198863636363636
18.03.2023 20:46:46      Количество символов Л  = 2 частота 0,000284090909090909
18.03.2023 20:46:46      Количество символов Н  = 6 частота 0,000852272727272727
18.03.2023 20:46:46      Количество символов П  = 4 частота 0,000568181818181818
18.03.2023 20:46:46      Количество символов Р  = 4 частота 0,000568181818181818
18.03.2023 20:46:46      Количество символов Т  = 4 частота 0,000568181818181818
18.03.2023 20:46:46      Количество символов У  = 6 частота 0,000852272727272727
18.03.2023 20:46:46      Количество символов Ш  = 2 частота 0,000284090909090909
18.03.2023 20:46:46      Количество символов Я  = 4 частота 0,000568181818181818
18.03.2023 20:46:46      Количество символов а  = 920 частота 0,130681818181818
18.03.2023 20:46:46      Количество символов б  = 82 частота 0,0116477272727273
18.03.2023 20:46:46      Количество символов в  = 168 частота 0,0238636363636364
18.03.2023 20:46:46      Количество символов г  = 104 частота 0,0147727272727273
18.03.2023 20:46:46      Количество символов д  = 192 частота 0,0272727272727273
18.03.2023 20:46:46      Количество символов е  = 218 частота 0,0309659090909091
18.03.2023 20:46:46      Количество символов ж  = 72 частота 0,0102272727272727
18.03.2023 20:46:46      Количество символов з  = 170 частота 0,0241477272727273
18.03.2023 20:46:46      Количество символов й  = 100 частота 0,0142045454545455
18.03.2023 20:46:46      Количество символов к  = 216 частота 0,0306818181818182
18.03.2023 20:46:46      Количество символов л  = 222 частота 0,0315340909090909
18.03.2023 20:46:46      Количество символов м  = 208 частота 0,0295454545454545
18.03.2023 20:46:46      Количество символов н  = 334 частота 0,0474431818181818
18.03.2023 20:46:46      Количество символов о  = 250 частота 0,0355113636363636
18.03.2023 20:46:46      Количество символов п  = 152 частота 0,0215909090909091
18.03.2023 20:46:46      Количество символов р  = 228 частота 0,0323863636363636
18.03.2023 20:46:46      Количество символов с  = 182 частота 0,0258522727272727
18.03.2023 20:46:46      Количество символов т  = 142 частота 0,0201704545454545
18.03.2023 20:46:46      Количество символов у  = 140 частота 0,0198863636363636
18.03.2023 20:46:46      Количество символов х  = 48 частота 0,00681818181818182
18.03.2023 20:46:46      Количество символов ц  = 224 частота 0,0318181818181818
18.03.2023 20:46:46      Количество символов ч  = 82 частота 0,0116477272727273
18.03.2023 20:46:46      Количество символов ш  = 62 частота 0,00880681818181818
18.03.2023 20:46:46      Количество символов ы  = 248 частота 0,0352272727272727
18.03.2023 20:46:46      Количество символов ь  = 92 частота 0,0130681818181818
18.03.2023 20:46:46      Количество символов э  = 46 частота 0,00653409090909091
18.03.2023 20:46:46      Количество символов ю  = 90 частота 0,0127840909090909
18.03.2023 20:46:46      Количество символов я  = 186 частота 0,0264204545454545
18.03.2023 20:46:46      Количество символов ё  = 56 частота 0,00795454545454545
18.03.2023 20:46:46      Количество символов ў  = 98 частота 0,0139204545454545
18.03.2023 20:46:46      Количество символов —  = 6 частота 0,000852272727272727
18.03.2023 20:49:58      Количество символов 
  = 30 частота 0,00426136363636364
18.03.2023 20:49:58      Количество символов    = 1072 частота 0,152272727272727
18.03.2023 20:49:58      Количество символов !  = 6 частота 0,000852272727272727
18.03.2023 20:49:58      Количество символов '  = 2 частота 0,000284090909090909
18.03.2023 20:49:58      Количество символов ,  = 114 частота 0,0161931818181818
18.03.2023 20:49:58      Количество символов -  = 14 частота 0,00198863636363636
18.03.2023 20:49:58      Количество символов .  = 92 частота 0,0130681818181818
18.03.2023 20:49:58      Количество символов ?  = 2 частота 0,000284090909090909
18.03.2023 20:49:58      Количество символов I  = 18 частота 0,00255681818181818
18.03.2023 20:49:58      Количество символов i  = 260 частота 0,0369318181818182
18.03.2023 20:49:58      Количество символов Ё  = 8 частота 0,00113636363636364
18.03.2023 20:49:58      Количество символов А  = 10 частота 0,00142045454545455
18.03.2023 20:49:58      Количество символов Б  = 8 частота 0,00113636363636364
18.03.2023 20:49:58      Количество символов В  = 6 частота 0,000852272727272727
18.03.2023 20:49:58      Количество символов Г  = 10 частота 0,00142045454545455
18.03.2023 20:49:58      Количество символов З  = 4 частота 0,000568181818181818
18.03.2023 20:49:58      Количество символов К  = 14 частота 0,00198863636363636
18.03.2023 20:49:58      Количество символов Л  = 2 частота 0,000284090909090909
18.03.2023 20:49:58      Количество символов Н  = 6 частота 0,000852272727272727
18.03.2023 20:49:58      Количество символов П  = 4 частота 0,000568181818181818
18.03.2023 20:49:58      Количество символов Р  = 4 частота 0,000568181818181818
18.03.2023 20:49:58      Количество символов Т  = 4 частота 0,000568181818181818
18.03.2023 20:49:58      Количество символов У  = 6 частота 0,000852272727272727
18.03.2023 20:49:58      Количество символов Ш  = 2 частота 0,000284090909090909
18.03.2023 20:49:58      Количество символов Я  = 4 частота 0,000568181818181818
18.03.2023 20:49:58      Количество символов а  = 920 частота 0,130681818181818
18.03.2023 20:49:58      Количество символов б  = 82 частота 0,0116477272727273
18.03.2023 20:49:58      Количество символов в  = 168 частота 0,0238636363636364
18.03.2023 20:49:58      Количество символов г  = 104 частота 0,0147727272727273
18.03.2023 20:49:58      Количество символов д  = 192 частота 0,0272727272727273
18.03.2023 20:49:58      Количество символов е  = 218 частота 0,0309659090909091
18.03.2023 20:49:58      Количество символов ж  = 72 частота 0,0102272727272727
18.03.2023 20:49:58      Количество символов з  = 170 частота 0,0241477272727273
18.03.2023 20:49:58      Количество символов й  = 100 частота 0,0142045454545455
18.03.2023 20:49:58      Количество символов к  = 216 частота 0,0306818181818182
18.03.2023 20:49:58      Количество символов л  = 222 частота 0,0315340909090909
18.03.2023 20:49:58      Количество символов м  = 208 частота 0,0295454545454545
18.03.2023 20:49:58      Количество символов н  = 334 частота 0,0474431818181818
18.03.2023 20:49:58      Количество символов о  = 250 частота 0,0355113636363636
18.03.2023 20:49:58      Количество символов п  = 152 частота 0,0215909090909091
18.03.2023 20:49:58      Количество символов р  = 228 частота 0,0323863636363636
18.03.2023 20:49:58      Количество символов с  = 182 частота 0,0258522727272727
18.03.2023 20:49:58      Количество символов т  = 142 частота 0,0201704545454545
18.03.2023 20:49:58      Количество символов у  = 140 частота 0,0198863636363636
18.03.2023 20:49:58      Количество символов х  = 48 частота 0,00681818181818182
18.03.2023 20:49:58      Количество символов ц  = 224 частота 0,0318181818181818
18.03.2023 20:49:58      Количество символов ч  = 82 частота 0,0116477272727273
18.03.2023 20:49:58      Количество символов ш  = 62 частота 0,00880681818181818
18.03.2023 20:49:58      Количество символов ы  = 248 частота 0,0352272727272727
18.03.2023 20:49:58      Количество символов ь  = 92 частота 0,0130681818181818
18.03.2023 20:49:58      Количество символов э  = 46 частота 0,00653409090909091
18.03.2023 20:49:58      Количество символов ю  = 90 частота 0,0127840909090909
18.03.2023 20:49:58      Количество символов я  = 186 частота 0,0264204545454545
18.03.2023 20:49:58      Количество символов ё  = 56 частота 0,00795454545454545
18.03.2023 20:49:58      Количество символов ў  = 98 частота 0,0139204545454545
18.03.2023 20:49:58      Количество символов —  = 6 частота 0,000852272727272727
18.03.2023 20:50:17      Количество символов 
  = 30 частота 0,00426136363636364
18.03.2023 20:50:17      Количество символов    = 1072 частота 0,152272727272727
18.03.2023 20:50:17      Количество символов !  = 6 частота 0,000852272727272727
18.03.2023 20:50:17      Количество символов '  = 2 частота 0,000284090909090909
18.03.2023 20:50:17      Количество символов ,  = 114 частота 0,0161931818181818
18.03.2023 20:50:17      Количество символов -  = 14 частота 0,00198863636363636
18.03.2023 20:50:17      Количество символов .  = 92 частота 0,0130681818181818
18.03.2023 20:50:17      Количество символов ?  = 2 частота 0,000284090909090909
18.03.2023 20:50:17      Количество символов I  = 18 частота 0,00255681818181818
18.03.2023 20:50:17      Количество символов i  = 260 частота 0,0369318181818182
18.03.2023 20:50:17      Количество символов Ё  = 8 частота 0,00113636363636364
18.03.2023 20:50:17      Количество символов А  = 10 частота 0,00142045454545455
18.03.2023 20:50:17      Количество символов Б  = 8 частота 0,00113636363636364
18.03.2023 20:50:17      Количество символов В  = 6 частота 0,000852272727272727
18.03.2023 20:50:17      Количество символов Г  = 10 частота 0,00142045454545455
18.03.2023 20:50:17      Количество символов З  = 4 частота 0,000568181818181818
18.03.2023 20:50:17      Количество символов К  = 14 частота 0,00198863636363636
18.03.2023 20:50:17      Количество символов Л  = 2 частота 0,000284090909090909
18.03.2023 20:50:17      Количество символов Н  = 6 частота 0,000852272727272727
18.03.2023 20:50:17      Количество символов П  = 4 частота 0,000568181818181818
18.03.2023 20:50:17      Количество символов Р  = 4 частота 0,000568181818181818
18.03.2023 20:50:17      Количество символов Т  = 4 частота 0,000568181818181818
18.03.2023 20:50:17      Количество символов У  = 6 частота 0,000852272727272727
18.03.2023 20:50:17      Количество символов Ш  = 2 частота 0,000284090909090909
18.03.2023 20:50:17      Количество символов Я  = 4 частота 0,000568181818181818
18.03.2023 20:50:17      Количество символов а  = 920 частота 0,130681818181818
18.03.2023 20:50:17      Количество символов б  = 82 частота 0,0116477272727273
18.03.2023 20:50:17      Количество символов в  = 168 частота 0,0238636363636364
18.03.2023 20:50:17      Количество символов г  = 104 частота 0,0147727272727273
18.03.2023 20:50:17      Количество символов д  = 192 частота 0,0272727272727273
18.03.2023 20:50:17      Количество символов е  = 218 частота 0,0309659090909091
18.03.2023 20:50:17      Количество символов ж  = 72 частота 0,0102272727272727
18.03.2023 20:50:17      Количество символов з  = 170 частота 0,0241477272727273
18.03.2023 20:50:17      Количество символов й  = 100 частота 0,0142045454545455
18.03.2023 20:50:17      Количество символов к  = 216 частота 0,0306818181818182
18.03.2023 20:50:17      Количество символов л  = 222 частота 0,0315340909090909
18.03.2023 20:50:17      Количество символов м  = 208 частота 0,0295454545454545
18.03.2023 20:50:17      Количество символов н  = 334 частота 0,0474431818181818
18.03.2023 20:50:17      Количество символов о  = 250 частота 0,0355113636363636
18.03.2023 20:50:17      Количество символов п  = 152 частота 0,0215909090909091
18.03.2023 20:50:17      Количество символов р  = 228 частота 0,0323863636363636
18.03.2023 20:50:17      Количество символов с  = 182 частота 0,0258522727272727
18.03.2023 20:50:17      Количество символов т  = 142 частота 0,0201704545454545
18.03.2023 20:50:17      Количество символов у  = 140 частота 0,0198863636363636
18.03.2023 20:50:17      Количество символов х  = 48 частота 0,00681818181818182
18.03.2023 20:50:17      Количество символов ц  = 224 частота 0,0318181818181818
18.03.2023 20:50:17      Количество символов ч  = 82 частота 0,0116477272727273
18.03.2023 20:50:17      Количество символов ш  = 62 частота 0,00880681818181818
18.03.2023 20:50:17      Количество символов ы  = 248 частота 0,0352272727272727
18.03.2023 20:50:17      Количество символов ь  = 92 частота 0,0130681818181818
18.03.2023 20:50:17      Количество символов э  = 46 частота 0,00653409090909091
18.03.2023 20:50:17      Количество символов ю  = 90 частота 0,0127840909090909
18.03.2023 20:50:17      Количество символов я  = 186 частота 0,0264204545454545
18.03.2023 20:50:17      Количество символов ё  = 56 частота 0,00795454545454545
18.03.2023 20:50:17      Количество символов ў  = 98 частота 0,0139204545454545
18.03.2023 20:50:17      Количество символов —  = 6 частота 0,000852272727272727
18.03.2023 20:59:38      Количество символов 
  = 30 частота 0,00426136363636364
18.03.2023 20:59:38      Количество символов    = 1072 частота 0,152272727272727
18.03.2023 20:59:38      Количество символов !  = 6 частота 0,000852272727272727
18.03.2023 20:59:38      Количество символов '  = 2 частота 0,000284090909090909
18.03.2023 20:59:38      Количество символов ,  = 114 частота 0,0161931818181818
18.03.2023 20:59:38      Количество символов -  = 14 частота 0,00198863636363636
18.03.2023 20:59:38      Количество символов .  = 92 частота 0,0130681818181818
18.03.2023 20:59:38      Количество символов ?  = 2 частота 0,000284090909090909
18.03.2023 20:59:38      Количество символов I  = 18 частота 0,00255681818181818
18.03.2023 20:59:38      Количество символов i  = 260 частота 0,0369318181818182
18.03.2023 20:59:38      Количество символов Ё  = 8 частота 0,00113636363636364
18.03.2023 20:59:38      Количество символов А  = 10 частота 0,00142045454545455
18.03.2023 20:59:38      Количество символов Б  = 8 частота 0,00113636363636364
18.03.2023 20:59:38      Количество символов В  = 6 частота 0,000852272727272727
18.03.2023 20:59:38      Количество символов Г  = 10 частота 0,00142045454545455
18.03.2023 20:59:38      Количество символов З  = 4 частота 0,000568181818181818
18.03.2023 20:59:38      Количество символов К  = 14 частота 0,00198863636363636
18.03.2023 20:59:38      Количество символов Л  = 2 частота 0,000284090909090909
18.03.2023 20:59:38      Количество символов Н  = 6 частота 0,000852272727272727
18.03.2023 20:59:38      Количество символов П  = 4 частота 0,000568181818181818
18.03.2023 20:59:38      Количество символов Р  = 4 частота 0,000568181818181818
18.03.2023 20:59:38      Количество символов Т  = 4 частота 0,000568181818181818
18.03.2023 20:59:38      Количество символов У  = 6 частота 0,000852272727272727
18.03.2023 20:59:38      Количество символов Ш  = 2 частота 0,000284090909090909
18.03.2023 20:59:38      Количество символов Я  = 4 частота 0,000568181818181818
18.03.2023 20:59:38      Количество символов а  = 920 частота 0,130681818181818
18.03.2023 20:59:38      Количество символов б  = 82 частота 0,0116477272727273
18.03.2023 20:59:38      Количество символов в  = 168 частота 0,0238636363636364
18.03.2023 20:59:38      Количество символов г  = 104 частота 0,0147727272727273
18.03.2023 20:59:38      Количество символов д  = 192 частота 0,0272727272727273
18.03.2023 20:59:38      Количество символов е  = 218 частота 0,0309659090909091
18.03.2023 20:59:38      Количество символов ж  = 72 частота 0,0102272727272727
18.03.2023 20:59:38      Количество символов з  = 170 частота 0,0241477272727273
18.03.2023 20:59:38      Количество символов й  = 100 частота 0,0142045454545455
18.03.2023 20:59:38      Количество символов к  = 216 частота 0,0306818181818182
18.03.2023 20:59:38      Количество символов л  = 222 частота 0,0315340909090909
18.03.2023 20:59:38      Количество символов м  = 208 частота 0,0295454545454545
18.03.2023 20:59:38      Количество символов н  = 334 частота 0,0474431818181818
18.03.2023 20:59:38      Количество символов о  = 250 частота 0,0355113636363636
18.03.2023 20:59:38      Количество символов п  = 152 частота 0,0215909090909091
18.03.2023 20:59:38      Количество символов р  = 228 частота 0,0323863636363636
18.03.2023 20:59:38      Количество символов с  = 182 частота 0,0258522727272727
18.03.2023 20:59:38      Количество символов т  = 142 частота 0,0201704545454545
18.03.2023 20:59:38      Количество символов у  = 140 частота 0,0198863636363636
18.03.2023 20:59:38      Количество символов х  = 48 частота 0,00681818181818182
18.03.2023 20:59:38      Количество символов ц  = 224 частота 0,0318181818181818
18.03.2023 20:59:38      Количество символов ч  = 82 частота 0,0116477272727273
18.03.2023 20:59:38      Количество символов ш  = 62 частота 0,00880681818181818
18.03.2023 20:59:38      Количество символов ы  = 248 частота 0,0352272727272727
18.03.2023 20:59:38      Количество символов ь  = 92 частота 0,0130681818181818
18.03.2023 20:59:38      Количество символов э  = 46 частота 0,00653409090909091
18.03.2023 20:59:38      Количество символов ю  = 90 частота 0,0127840909090909
18.03.2023 20:59:38      Количество символов я  = 186 частота 0,0264204545454545
18.03.2023 20:59:38      Количество символов ё  = 56 частота 0,00795454545454545
18.03.2023 20:59:38      Количество символов ў  = 98 частота 0,0139204545454545
18.03.2023 20:59:38      Количество символов —  = 6 частота 0,000852272727272727
18.03.2023 21:00:18      Количество символов 
  = 30 частота 0,00426136363636364
18.03.2023 21:00:18      Количество символов    = 1072 частота 0,152272727272727
18.03.2023 21:00:18      Количество символов !  = 6 частота 0,000852272727272727
18.03.2023 21:00:18      Количество символов '  = 2 частота 0,000284090909090909
18.03.2023 21:00:18      Количество символов ,  = 114 частота 0,0161931818181818
18.03.2023 21:00:18      Количество символов -  = 14 частота 0,00198863636363636
18.03.2023 21:00:18      Количество символов .  = 92 частота 0,0130681818181818
18.03.2023 21:00:18      Количество символов ?  = 2 частота 0,000284090909090909
18.03.2023 21:00:18      Количество символов I  = 18 частота 0,00255681818181818
18.03.2023 21:00:18      Количество символов i  = 260 частота 0,0369318181818182
18.03.2023 21:00:18      Количество символов Ё  = 8 частота 0,00113636363636364
18.03.2023 21:00:18      Количество символов А  = 10 частота 0,00142045454545455
18.03.2023 21:00:18      Количество символов Б  = 8 частота 0,00113636363636364
18.03.2023 21:00:18      Количество символов В  = 6 частота 0,000852272727272727
18.03.2023 21:00:18      Количество символов Г  = 10 частота 0,00142045454545455
18.03.2023 21:00:18      Количество символов З  = 4 частота 0,000568181818181818
18.03.2023 21:00:18      Количество символов К  = 14 частота 0,00198863636363636
18.03.2023 21:00:18      Количество символов Л  = 2 частота 0,000284090909090909
18.03.2023 21:00:18      Количество символов Н  = 6 частота 0,000852272727272727
18.03.2023 21:00:18      Количество символов П  = 4 частота 0,000568181818181818
18.03.2023 21:00:18      Количество символов Р  = 4 частота 0,000568181818181818
18.03.2023 21:00:18      Количество символов Т  = 4 частота 0,000568181818181818
18.03.2023 21:00:18      Количество символов У  = 6 частота 0,000852272727272727
18.03.2023 21:00:18      Количество символов Ш  = 2 частота 0,000284090909090909
18.03.2023 21:00:18      Количество символов Я  = 4 частота 0,000568181818181818
18.03.2023 21:00:18      Количество символов а  = 920 частота 0,130681818181818
18.03.2023 21:00:18      Количество символов б  = 82 частота 0,0116477272727273
18.03.2023 21:00:18      Количество символов в  = 168 частота 0,0238636363636364
18.03.2023 21:00:18      Количество символов г  = 104 частота 0,0147727272727273
18.03.2023 21:00:18      Количество символов д  = 192 частота 0,0272727272727273
18.03.2023 21:00:18      Количество символов е  = 218 частота 0,0309659090909091
18.03.2023 21:00:18      Количество символов ж  = 72 частота 0,0102272727272727
18.03.2023 21:00:18      Количество символов з  = 170 частота 0,0241477272727273
18.03.2023 21:00:18      Количество символов й  = 100 частота 0,0142045454545455
18.03.2023 21:00:18      Количество символов к  = 216 частота 0,0306818181818182
18.03.2023 21:00:18      Количество символов л  = 222 частота 0,0315340909090909
18.03.2023 21:00:18      Количество символов м  = 208 частота 0,0295454545454545
18.03.2023 21:00:18      Количество символов н  = 334 частота 0,0474431818181818
18.03.2023 21:00:18      Количество символов о  = 250 частота 0,0355113636363636
18.03.2023 21:00:18      Количество символов п  = 152 частота 0,0215909090909091
18.03.2023 21:00:18      Количество символов р  = 228 частота 0,0323863636363636
18.03.2023 21:00:18      Количество символов с  = 182 частота 0,0258522727272727
18.03.2023 21:00:18      Количество символов т  = 142 частота 0,0201704545454545
18.03.2023 21:00:18      Количество символов у  = 140 частота 0,0198863636363636
18.03.2023 21:00:18      Количество символов х  = 48 частота 0,00681818181818182
18.03.2023 21:00:18      Количество символов ц  = 224 частота 0,0318181818181818
18.03.2023 21:00:18      Количество символов ч  = 82 частота 0,0116477272727273
18.03.2023 21:00:18      Количество символов ш  = 62 частота 0,00880681818181818
18.03.2023 21:00:18      Количество символов ы  = 248 частота 0,0352272727272727
18.03.2023 21:00:18      Количество символов ь  = 92 частота 0,0130681818181818
18.03.2023 21:00:18      Количество символов э  = 46 частота 0,00653409090909091
18.03.2023 21:00:18      Количество символов ю  = 90 частота 0,0127840909090909
18.03.2023 21:00:18      Количество символов я  = 186 частота 0,0264204545454545
18.03.2023 21:00:18      Количество символов ё  = 56 частота 0,00795454545454545
18.03.2023 21:00:18      Количество символов ў  = 98 частота 0,0139204545454545
18.03.2023 21:00:18      Количество символов —  = 6 частота 0,000852272727272727
18.03.2023 21:00:47      Количество символов 
  = 30 частота 0,00426136363636364
18.03.2023 21:00:47      Количество символов    = 1072 частота 0,152272727272727
18.03.2023 21:00:47      Количество символов !  = 6 частота 0,000852272727272727
18.03.2023 21:00:47      Количество символов '  = 2 частота 0,000284090909090909
18.03.2023 21:00:47      Количество символов ,  = 114 частота 0,0161931818181818
18.03.2023 21:00:47      Количество символов -  = 14 частота 0,00198863636363636
18.03.2023 21:00:47      Количество символов .  = 92 частота 0,0130681818181818
18.03.2023 21:00:47      Количество символов ?  = 2 частота 0,000284090909090909
18.03.2023 21:00:47      Количество символов I  = 18 частота 0,00255681818181818
18.03.2023 21:00:47      Количество символов i  = 260 частота 0,0369318181818182
18.03.2023 21:00:47      Количество символов Ё  = 8 частота 0,00113636363636364
18.03.2023 21:00:47      Количество символов А  = 10 частота 0,00142045454545455
18.03.2023 21:00:47      Количество символов Б  = 8 частота 0,00113636363636364
18.03.2023 21:00:47      Количество символов В  = 6 частота 0,000852272727272727
18.03.2023 21:00:47      Количество символов Г  = 10 частота 0,00142045454545455
18.03.2023 21:00:47      Количество символов З  = 4 частота 0,000568181818181818
18.03.2023 21:00:47      Количество символов К  = 14 частота 0,00198863636363636
18.03.2023 21:00:47      Количество символов Л  = 2 частота 0,000284090909090909
18.03.2023 21:00:47      Количество символов Н  = 6 частота 0,000852272727272727
18.03.2023 21:00:47      Количество символов П  = 4 частота 0,000568181818181818
18.03.2023 21:00:47      Количество символов Р  = 4 частота 0,000568181818181818
18.03.2023 21:00:47      Количество символов Т  = 4 частота 0,000568181818181818
18.03.2023 21:00:47      Количество символов У  = 6 частота 0,000852272727272727
18.03.2023 21:00:47      Количество символов Ш  = 2 частота 0,000284090909090909
18.03.2023 21:00:47      Количество символов Я  = 4 частота 0,000568181818181818
18.03.2023 21:00:47      Количество символов а  = 920 частота 0,130681818181818
18.03.2023 21:00:47      Количество символов б  = 82 частота 0,0116477272727273
18.03.2023 21:00:47      Количество символов в  = 168 частота 0,0238636363636364
18.03.2023 21:00:47      Количество символов г  = 104 частота 0,0147727272727273
18.03.2023 21:00:47      Количество символов д  = 192 частота 0,0272727272727273
18.03.2023 21:00:47      Количество символов е  = 218 частота 0,0309659090909091
18.03.2023 21:00:47      Количество символов ж  = 72 частота 0,0102272727272727
18.03.2023 21:00:47      Количество символов з  = 170 частота 0,0241477272727273
18.03.2023 21:00:47      Количество символов й  = 100 частота 0,0142045454545455
18.03.2023 21:00:47      Количество символов к  = 216 частота 0,0306818181818182
18.03.2023 21:00:47      Количество символов л  = 222 частота 0,0315340909090909
18.03.2023 21:00:47      Количество символов м  = 208 частота 0,0295454545454545
18.03.2023 21:00:47      Количество символов н  = 334 частота 0,0474431818181818
18.03.2023 21:00:47      Количество символов о  = 250 частота 0,0355113636363636
18.03.2023 21:00:47      Количество символов п  = 152 частота 0,0215909090909091
18.03.2023 21:00:47      Количество символов р  = 228 частота 0,0323863636363636
18.03.2023 21:00:47      Количество символов с  = 182 частота 0,0258522727272727
18.03.2023 21:00:47      Количество символов т  = 142 частота 0,0201704545454545
18.03.2023 21:00:47      Количество символов у  = 140 частота 0,0198863636363636
18.03.2023 21:00:47      Количество символов х  = 48 частота 0,00681818181818182
18.03.2023 21:00:47      Количество символов ц  = 224 частота 0,0318181818181818
18.03.2023 21:00:47      Количество символов ч  = 82 частота 0,0116477272727273
18.03.2023 21:00:47      Количество символов ш  = 62 частота 0,00880681818181818
18.03.2023 21:00:47      Количество символов ы  = 248 частота 0,0352272727272727
18.03.2023 21:00:47      Количество символов ь  = 92 частота 0,0130681818181818
18.03.2023 21:00:47      Количество символов э  = 46 частота 0,00653409090909091
18.03.2023 21:00:47      Количество символов ю  = 90 частота 0,0127840909090909
18.03.2023 21:00:47      Количество символов я  = 186 частота 0,0264204545454545
18.03.2023 21:00:47      Количество символов ё  = 56 частота 0,00795454545454545
18.03.2023 21:00:47      Количество символов ў  = 98 частота 0,0139204545454545
18.03.2023 21:00:47      Количество символов —  = 6 частота 0,000852272727272727
18.03.2023 21:01:15      Количество символов 
  = 30 частота 0,00426136363636364
18.03.2023 21:01:15      Количество символов    = 1072 частота 0,152272727272727
18.03.2023 21:01:15      Количество символов !  = 6 частота 0,000852272727272727
18.03.2023 21:01:15      Количество символов '  = 2 частота 0,000284090909090909
18.03.2023 21:01:15      Количество символов ,  = 114 частота 0,0161931818181818
18.03.2023 21:01:15      Количество символов -  = 14 частота 0,00198863636363636
18.03.2023 21:01:15      Количество символов .  = 92 частота 0,0130681818181818
18.03.2023 21:01:15      Количество символов ?  = 2 частота 0,000284090909090909
18.03.2023 21:01:15      Количество символов I  = 18 частота 0,00255681818181818
18.03.2023 21:01:15      Количество символов i  = 260 частота 0,0369318181818182
18.03.2023 21:01:15      Количество символов Ё  = 8 частота 0,00113636363636364
18.03.2023 21:01:15      Количество символов А  = 10 частота 0,00142045454545455
18.03.2023 21:01:15      Количество символов Б  = 8 частота 0,00113636363636364
18.03.2023 21:01:15      Количество символов В  = 6 частота 0,000852272727272727
18.03.2023 21:01:15      Количество символов Г  = 10 частота 0,00142045454545455
18.03.2023 21:01:15      Количество символов З  = 4 частота 0,000568181818181818
18.03.2023 21:01:15      Количество символов К  = 14 частота 0,00198863636363636
18.03.2023 21:01:15      Количество символов Л  = 2 частота 0,000284090909090909
18.03.2023 21:01:15      Количество символов Н  = 6 частота 0,000852272727272727
18.03.2023 21:01:15      Количество символов П  = 4 частота 0,000568181818181818
18.03.2023 21:01:15      Количество символов Р  = 4 частота 0,000568181818181818
18.03.2023 21:01:15      Количество символов Т  = 4 частота 0,000568181818181818
18.03.2023 21:01:15      Количество символов У  = 6 частота 0,000852272727272727
18.03.2023 21:01:15      Количество символов Ш  = 2 частота 0,000284090909090909
18.03.2023 21:01:15      Количество символов Я  = 4 частота 0,000568181818181818
18.03.2023 21:01:15      Количество символов а  = 920 частота 0,130681818181818
18.03.2023 21:01:15      Количество символов б  = 82 частота 0,0116477272727273
18.03.2023 21:01:15      Количество символов в  = 168 частота 0,0238636363636364
18.03.2023 21:01:15      Количество символов г  = 104 частота 0,0147727272727273
18.03.2023 21:01:15      Количество символов д  = 192 частота 0,0272727272727273
18.03.2023 21:01:15      Количество символов е  = 218 частота 0,0309659090909091
18.03.2023 21:01:15      Количество символов ж  = 72 частота 0,0102272727272727
18.03.2023 21:01:15      Количество символов з  = 170 частота 0,0241477272727273
18.03.2023 21:01:15      Количество символов й  = 100 частота 0,0142045454545455
18.03.2023 21:01:15      Количество символов к  = 216 частота 0,0306818181818182
18.03.2023 21:01:15      Количество символов л  = 222 частота 0,0315340909090909
18.03.2023 21:01:15      Количество символов м  = 208 частота 0,0295454545454545
18.03.2023 21:01:15      Количество символов н  = 334 частота 0,0474431818181818
18.03.2023 21:01:15      Количество символов о  = 250 частота 0,0355113636363636
18.03.2023 21:01:15      Количество символов п  = 152 частота 0,0215909090909091
18.03.2023 21:01:15      Количество символов р  = 228 частота 0,0323863636363636
18.03.2023 21:01:15      Количество символов с  = 182 частота 0,0258522727272727
18.03.2023 21:01:15      Количество символов т  = 142 частота 0,0201704545454545
18.03.2023 21:01:15      Количество символов у  = 140 частота 0,0198863636363636
18.03.2023 21:01:15      Количество символов х  = 48 частота 0,00681818181818182
18.03.2023 21:01:15      Количество символов ц  = 224 частота 0,0318181818181818
18.03.2023 21:01:15      Количество символов ч  = 82 частота 0,0116477272727273
18.03.2023 21:01:15      Количество символов ш  = 62 частота 0,00880681818181818
18.03.2023 21:01:15      Количество символов ы  = 248 частота 0,0352272727272727
18.03.2023 21:01:15      Количество символов ь  = 92 частота 0,0130681818181818
18.03.2023 21:01:15      Количество символов э  = 46 частота 0,00653409090909091
18.03.2023 21:01:15      Количество символов ю  = 90 частота 0,0127840909090909
18.03.2023 21:01:15      Количество символов я  = 186 частота 0,0264204545454545
18.03.2023 21:01:15      Количество символов ё  = 56 частота 0,00795454545454545
18.03.2023 21:01:15      Количество символов ў  = 98 частота 0,0139204545454545
18.03.2023 21:01:15      Количество символов —  = 6 частота 0,000852272727272727
18.03.2023 21:01:43      Количество символов 
  = 30 частота 0,00426136363636364
18.03.2023 21:01:43      Количество символов    = 1072 частота 0,152272727272727
18.03.2023 21:01:43      Количество символов !  = 6 частота 0,000852272727272727
18.03.2023 21:01:43      Количество символов '  = 2 частота 0,000284090909090909
18.03.2023 21:01:43      Количество символов ,  = 114 частота 0,0161931818181818
18.03.2023 21:01:43      Количество символов -  = 14 частота 0,00198863636363636
18.03.2023 21:01:43      Количество символов .  = 92 частота 0,0130681818181818
18.03.2023 21:01:43      Количество символов ?  = 2 частота 0,000284090909090909
18.03.2023 21:01:43      Количество символов I  = 18 частота 0,00255681818181818
18.03.2023 21:01:43      Количество символов i  = 260 частота 0,0369318181818182
18.03.2023 21:01:43      Количество символов Ё  = 8 частота 0,00113636363636364
18.03.2023 21:01:43      Количество символов А  = 10 частота 0,00142045454545455
18.03.2023 21:01:43      Количество символов Б  = 8 частота 0,00113636363636364
18.03.2023 21:01:43      Количество символов В  = 6 частота 0,000852272727272727
18.03.2023 21:01:43      Количество символов Г  = 10 частота 0,00142045454545455
18.03.2023 21:01:43      Количество символов З  = 4 частота 0,000568181818181818
18.03.2023 21:01:43      Количество символов К  = 14 частота 0,00198863636363636
18.03.2023 21:01:43      Количество символов Л  = 2 частота 0,000284090909090909
18.03.2023 21:01:43      Количество символов Н  = 6 частота 0,000852272727272727
18.03.2023 21:01:43      Количество символов П  = 4 частота 0,000568181818181818
18.03.2023 21:01:43      Количество символов Р  = 4 частота 0,000568181818181818
18.03.2023 21:01:43      Количество символов Т  = 4 частота 0,000568181818181818
18.03.2023 21:01:43      Количество символов У  = 6 частота 0,000852272727272727
18.03.2023 21:01:43      Количество символов Ш  = 2 частота 0,000284090909090909
18.03.2023 21:01:43      Количество символов Я  = 4 частота 0,000568181818181818
18.03.2023 21:01:43      Количество символов а  = 920 частота 0,130681818181818
18.03.2023 21:01:43      Количество символов б  = 82 частота 0,0116477272727273
18.03.2023 21:01:43      Количество символов в  = 168 частота 0,0238636363636364
18.03.2023 21:01:43      Количество символов г  = 104 частота 0,0147727272727273
18.03.2023 21:01:43      Количество символов д  = 192 частота 0,0272727272727273
18.03.2023 21:01:43      Количество символов е  = 218 частота 0,0309659090909091
18.03.2023 21:01:43      Количество символов ж  = 72 частота 0,0102272727272727
18.03.2023 21:01:43      Количество символов з  = 170 частота 0,0241477272727273
18.03.2023 21:01:43      Количество символов й  = 100 частота 0,0142045454545455
18.03.2023 21:01:43      Количество символов к  = 216 частота 0,0306818181818182
18.03.2023 21:01:43      Количество символов л  = 222 частота 0,0315340909090909
18.03.2023 21:01:43      Количество символов м  = 208 частота 0,0295454545454545
18.03.2023 21:01:43      Количество символов н  = 334 частота 0,0474431818181818
18.03.2023 21:01:43      Количество символов о  = 250 частота 0,0355113636363636
18.03.2023 21:01:43      Количество символов п  = 152 частота 0,0215909090909091
18.03.2023 21:01:43      Количество символов р  = 228 частота 0,0323863636363636
18.03.2023 21:01:43      Количество символов с  = 182 частота 0,0258522727272727
18.03.2023 21:01:43      Количество символов т  = 142 частота 0,0201704545454545
18.03.2023 21:01:43      Количество символов у  = 140 частота 0,0198863636363636
18.03.2023 21:01:43      Количество символов х  = 48 частота 0,00681818181818182
18.03.2023 21:01:43      Количество символов ц  = 224 частота 0,0318181818181818
18.03.2023 21:01:43      Количество символов ч  = 82 частота 0,0116477272727273
18.03.2023 21:01:43      Количество символов ш  = 62 частота 0,00880681818181818
18.03.2023 21:01:43      Количество символов ы  = 248 частота 0,0352272727272727
18.03.2023 21:01:43      Количество символов ь  = 92 частота 0,0130681818181818
18.03.2023 21:01:43      Количество символов э  = 46 частота 0,00653409090909091
18.03.2023 21:01:43      Количество символов ю  = 90 частота 0,0127840909090909
18.03.2023 21:01:43      Количество символов я  = 186 частота 0,0264204545454545
18.03.2023 21:01:43      Количество символов ё  = 56 частота 0,00795454545454545
18.03.2023 21:01:43      Количество символов ў  = 98 частота 0,0139204545454545
18.03.2023 21:01:43      Количество символов —  = 6 частота 0,000852272727272727
